Checking paths for department code: nursa
JPG path: ../images/departments/nursa.jpg - Exists: No
PNG path: ../images/departments/nursa.png - Exists: No
JPEG path: ../images/departments/nursa.jpeg - Exists: Yes

Checking paths for department code: themsa
JPG path: ../images/departments/themsa.jpg - Exists: No
PNG path: ../images/departments/themsa.png - Exists: Yes
JPEG path: ../images/departments/themsa.jpeg - Exists: No

Checking paths for department code: edsa
JPG path: ../images/departments/edsa.jpg - Exists: No
PNG path: ../images/departments/edsa.png - Exists: No
JPEG path: ../images/departments/edsa.jpeg - Exists: Yes

Checking paths for department code: sobsa
JPG path: ../images/departments/sobsa.jpg - Exists: No
PNG path: ../images/departments/sobsa.png - Exists: No
JPEG path: ../images/departments/sobsa.jpeg - Exists: Yes

Checking paths for department code: cossa
JPG path: ../images/departments/cossa.jpg - Exists: No
PNG path: ../images/departments/cossa.png - Exists: No
JPEG path: ../images/departments/cossa.jpeg - Exists: Yes

Checking paths for department code: dessa
JPG path: ../images/departments/dessa.jpg - Exists: No
PNG path: ../images/departments/dessa.png - Exists: No
JPEG path: ../images/departments/dessa.jpeg - Exists: Yes

Checking paths for department code: bmedsa
JPG path: ../images/departments/bmedsa.jpg - Exists: No
PNG path: ../images/departments/bmedsa.png - Exists: No
JPEG path: ../images/departments/bmedsa.jpeg - Exists: Yes

Checking paths for department code: bessa
JPG path: ../images/departments/bessa.jpg - Exists: No
PNG path: ../images/departments/bessa.png - Exists: No
JPEG path: ../images/departments/bessa.jpeg - Exists: Yes

Checking paths for department code: nursa
JPG path: ../images/departments/nursa.jpg - Exists: No
PNG path: ../images/departments/nursa.png - Exists: No
JPEG path: ../images/departments/nursa.jpeg - Exists: Yes

Checking paths for department code: themsa
JPG path: ../images/departments/themsa.jpg - Exists: No
PNG path: ../images/departments/themsa.png - Exists: Yes
JPEG path: ../images/departments/themsa.jpeg - Exists: No

Checking paths for department code: edsa
JPG path: ../images/departments/edsa.jpg - Exists: No
PNG path: ../images/departments/edsa.png - Exists: No
JPEG path: ../images/departments/edsa.jpeg - Exists: Yes

Checking paths for department code: sobsa
JPG path: ../images/departments/sobsa.jpg - Exists: No
PNG path: ../images/departments/sobsa.png - Exists: No
JPEG path: ../images/departments/sobsa.jpeg - Exists: Yes

Checking paths for department code: cossa
JPG path: ../images/departments/cossa.jpg - Exists: No
PNG path: ../images/departments/cossa.png - Exists: No
JPEG path: ../images/departments/cossa.jpeg - Exists: Yes

Checking paths for department code: dessa
JPG path: ../images/departments/dessa.jpg - Exists: No
PNG path: ../images/departments/dessa.png - Exists: No
JPEG path: ../images/departments/dessa.jpeg - Exists: Yes

Checking paths for department code: bmedsa
JPG path: ../images/departments/bmedsa.jpg - Exists: No
PNG path: ../images/departments/bmedsa.png - Exists: No
JPEG path: ../images/departments/bmedsa.jpeg - Exists: Yes

Checking paths for department code: bessa
JPG path: ../images/departments/bessa.jpg - Exists: No
PNG path: ../images/departments/bessa.png - Exists: No
JPEG path: ../images/departments/bessa.jpeg - Exists: Yes

Checking paths for department code: nursa
JPG path: ../images/departments/nursa.jpg - Exists: No
PNG path: ../images/departments/nursa.png - Exists: No
JPEG path: ../images/departments/nursa.jpeg - Exists: Yes

Checking paths for department code: themsa
JPG path: ../images/departments/themsa.jpg - Exists: No
PNG path: ../images/departments/themsa.png - Exists: Yes
JPEG path: ../images/departments/themsa.jpeg - Exists: No

Checking paths for department code: edsa
JPG path: ../images/departments/edsa.jpg - Exists: No
PNG path: ../images/departments/edsa.png - Exists: No
JPEG path: ../images/departments/edsa.jpeg - Exists: Yes

Checking paths for department code: sobsa
JPG path: ../images/departments/sobsa.jpg - Exists: No
PNG path: ../images/departments/sobsa.png - Exists: No
JPEG path: ../images/departments/sobsa.jpeg - Exists: Yes

Checking paths for department code: cossa
JPG path: ../images/departments/cossa.jpg - Exists: No
PNG path: ../images/departments/cossa.png - Exists: No
JPEG path: ../images/departments/cossa.jpeg - Exists: Yes

Checking paths for department code: dessa
JPG path: ../images/departments/dessa.jpg - Exists: No
PNG path: ../images/departments/dessa.png - Exists: No
JPEG path: ../images/departments/dessa.jpeg - Exists: Yes

Checking paths for department code: bmedsa
JPG path: ../images/departments/bmedsa.jpg - Exists: No
PNG path: ../images/departments/bmedsa.png - Exists: No
JPEG path: ../images/departments/bmedsa.jpeg - Exists: Yes

Checking paths for department code: bessa
JPG path: ../images/departments/bessa.jpg - Exists: No
PNG path: ../images/departments/bessa.png - Exists: No
JPEG path: ../images/departments/bessa.jpeg - Exists: Yes

Checking paths for department code: nursa
JPG path: ../images/departments/nursa.jpg - Exists: No
PNG path: ../images/departments/nursa.png - Exists: No
JPEG path: ../images/departments/nursa.jpeg - Exists: Yes

Checking paths for department code: themsa
JPG path: ../images/departments/themsa.jpg - Exists: No
PNG path: ../images/departments/themsa.png - Exists: Yes
JPEG path: ../images/departments/themsa.jpeg - Exists: No

Checking paths for department code: edsa
JPG path: ../images/departments/edsa.jpg - Exists: No
PNG path: ../images/departments/edsa.png - Exists: No
JPEG path: ../images/departments/edsa.jpeg - Exists: Yes

Checking paths for department code: sobsa
JPG path: ../images/departments/sobsa.jpg - Exists: No
PNG path: ../images/departments/sobsa.png - Exists: No
JPEG path: ../images/departments/sobsa.jpeg - Exists: Yes

Checking paths for department code: cossa
JPG path: ../images/departments/cossa.jpg - Exists: No
PNG path: ../images/departments/cossa.png - Exists: No
JPEG path: ../images/departments/cossa.jpeg - Exists: Yes

Checking paths for department code: dessa
JPG path: ../images/departments/dessa.jpg - Exists: No
PNG path: ../images/departments/dessa.png - Exists: No
JPEG path: ../images/departments/dessa.jpeg - Exists: Yes

Checking paths for department code: bmedsa
JPG path: ../images/departments/bmedsa.jpg - Exists: No
PNG path: ../images/departments/bmedsa.png - Exists: No
JPEG path: ../images/departments/bmedsa.jpeg - Exists: Yes

Checking paths for department code: bessa
JPG path: ../images/departments/bessa.jpg - Exists: No
PNG path: ../images/departments/bessa.png - Exists: No
JPEG path: ../images/departments/bessa.jpeg - Exists: Yes

Checking paths for department code: nursa
JPG path: ../images/departments/nursa.jpg - Exists: No
PNG path: ../images/departments/nursa.png - Exists: No
JPEG path: ../images/departments/nursa.jpeg - Exists: Yes

Checking paths for department code: themsa
JPG path: ../images/departments/themsa.jpg - Exists: No
PNG path: ../images/departments/themsa.png - Exists: Yes
JPEG path: ../images/departments/themsa.jpeg - Exists: No

Checking paths for department code: edsa
JPG path: ../images/departments/edsa.jpg - Exists: No
PNG path: ../images/departments/edsa.png - Exists: No
JPEG path: ../images/departments/edsa.jpeg - Exists: Yes

Checking paths for department code: sobsa
JPG path: ../images/departments/sobsa.jpg - Exists: No
PNG path: ../images/departments/sobsa.png - Exists: No
JPEG path: ../images/departments/sobsa.jpeg - Exists: Yes

Checking paths for department code: cossa
JPG path: ../images/departments/cossa.jpg - Exists: No
PNG path: ../images/departments/cossa.png - Exists: No
JPEG path: ../images/departments/cossa.jpeg - Exists: Yes

Checking paths for department code: dessa
JPG path: ../images/departments/dessa.jpg - Exists: No
PNG path: ../images/departments/dessa.png - Exists: No
JPEG path: ../images/departments/dessa.jpeg - Exists: Yes

Checking paths for department code: bmedsa
JPG path: ../images/departments/bmedsa.jpg - Exists: No
PNG path: ../images/departments/bmedsa.png - Exists: No
JPEG path: ../images/departments/bmedsa.jpeg - Exists: Yes

Checking paths for department code: bessa
JPG path: ../images/departments/bessa.jpg - Exists: No
PNG path: ../images/departments/bessa.png - Exists: No
JPEG path: ../images/departments/bessa.jpeg - Exists: Yes

Checking paths for department code: nursa
JPG path: ../images/departments/nursa.jpg - Exists: No
PNG path: ../images/departments/nursa.png - Exists: No
JPEG path: ../images/departments/nursa.jpeg - Exists: Yes

Checking paths for department code: themsa
JPG path: ../images/departments/themsa.jpg - Exists: No
PNG path: ../images/departments/themsa.png - Exists: Yes
JPEG path: ../images/departments/themsa.jpeg - Exists: No

Checking paths for department code: edsa
JPG path: ../images/departments/edsa.jpg - Exists: No
PNG path: ../images/departments/edsa.png - Exists: No
JPEG path: ../images/departments/edsa.jpeg - Exists: Yes

Checking paths for department code: sobsa
JPG path: ../images/departments/sobsa.jpg - Exists: No
PNG path: ../images/departments/sobsa.png - Exists: No
JPEG path: ../images/departments/sobsa.jpeg - Exists: Yes

Checking paths for department code: cossa
JPG path: ../images/departments/cossa.jpg - Exists: No
PNG path: ../images/departments/cossa.png - Exists: No
JPEG path: ../images/departments/cossa.jpeg - Exists: Yes

Checking paths for department code: dessa
JPG path: ../images/departments/dessa.jpg - Exists: No
PNG path: ../images/departments/dessa.png - Exists: No
JPEG path: ../images/departments/dessa.jpeg - Exists: Yes

Checking paths for department code: bmedsa
JPG path: ../images/departments/bmedsa.jpg - Exists: No
PNG path: ../images/departments/bmedsa.png - Exists: No
JPEG path: ../images/departments/bmedsa.jpeg - Exists: Yes

Checking paths for department code: bessa
JPG path: ../images/departments/bessa.jpg - Exists: No
PNG path: ../images/departments/bessa.png - Exists: No
JPEG path: ../images/departments/bessa.jpeg - Exists: Yes

Checking paths for department code: nursa
JPG path: ../images/departments/nursa.jpg - Exists: No
PNG path: ../images/departments/nursa.png - Exists: No
JPEG path: ../images/departments/nursa.jpeg - Exists: Yes

Checking paths for department code: themsa
JPG path: ../images/departments/themsa.jpg - Exists: No
PNG path: ../images/departments/themsa.png - Exists: Yes
JPEG path: ../images/departments/themsa.jpeg - Exists: No

Checking paths for department code: edsa
JPG path: ../images/departments/edsa.jpg - Exists: No
PNG path: ../images/departments/edsa.png - Exists: No
JPEG path: ../images/departments/edsa.jpeg - Exists: Yes

Checking paths for department code: sobsa
JPG path: ../images/departments/sobsa.jpg - Exists: No
PNG path: ../images/departments/sobsa.png - Exists: No
JPEG path: ../images/departments/sobsa.jpeg - Exists: Yes

Checking paths for department code: cossa
JPG path: ../images/departments/cossa.jpg - Exists: No
PNG path: ../images/departments/cossa.png - Exists: No
JPEG path: ../images/departments/cossa.jpeg - Exists: Yes

Checking paths for department code: dessa
JPG path: ../images/departments/dessa.jpg - Exists: No
PNG path: ../images/departments/dessa.png - Exists: No
JPEG path: ../images/departments/dessa.jpeg - Exists: Yes

Checking paths for department code: bmedsa
JPG path: ../images/departments/bmedsa.jpg - Exists: No
PNG path: ../images/departments/bmedsa.png - Exists: No
JPEG path: ../images/departments/bmedsa.jpeg - Exists: Yes

Checking paths for department code: bessa
JPG path: ../images/departments/bessa.jpg - Exists: No
PNG path: ../images/departments/bessa.png - Exists: No
JPEG path: ../images/departments/bessa.jpeg - Exists: Yes

Checking paths for department code: nursa
JPG path: ../images/departments/nursa.jpg - Exists: No
PNG path: ../images/departments/nursa.png - Exists: No
JPEG path: ../images/departments/nursa.jpeg - Exists: Yes

Checking paths for department code: themsa
JPG path: ../images/departments/themsa.jpg - Exists: No
PNG path: ../images/departments/themsa.png - Exists: Yes
JPEG path: ../images/departments/themsa.jpeg - Exists: No

Checking paths for department code: edsa
JPG path: ../images/departments/edsa.jpg - Exists: No
PNG path: ../images/departments/edsa.png - Exists: No
JPEG path: ../images/departments/edsa.jpeg - Exists: Yes

Checking paths for department code: sobsa
JPG path: ../images/departments/sobsa.jpg - Exists: No
PNG path: ../images/departments/sobsa.png - Exists: No
JPEG path: ../images/departments/sobsa.jpeg - Exists: Yes

Checking paths for department code: cossa
JPG path: ../images/departments/cossa.jpg - Exists: No
PNG path: ../images/departments/cossa.png - Exists: No
JPEG path: ../images/departments/cossa.jpeg - Exists: Yes

Checking paths for department code: dessa
JPG path: ../images/departments/dessa.jpg - Exists: No
PNG path: ../images/departments/dessa.png - Exists: No
JPEG path: ../images/departments/dessa.jpeg - Exists: Yes

Checking paths for department code: bmedsa
JPG path: ../images/departments/bmedsa.jpg - Exists: No
PNG path: ../images/departments/bmedsa.png - Exists: No
JPEG path: ../images/departments/bmedsa.jpeg - Exists: Yes

Checking paths for department code: bessa
JPG path: ../images/departments/bessa.jpg - Exists: No
PNG path: ../images/departments/bessa.png - Exists: No
JPEG path: ../images/departments/bessa.jpeg - Exists: Yes

Checking paths for department code: nursa
JPG path: ../images/departments/nursa.jpg - Exists: No
PNG path: ../images/departments/nursa.png - Exists: No
JPEG path: ../images/departments/nursa.jpeg - Exists: Yes

Checking paths for department code: themsa
JPG path: ../images/departments/themsa.jpg - Exists: No
PNG path: ../images/departments/themsa.png - Exists: Yes
JPEG path: ../images/departments/themsa.jpeg - Exists: No

Checking paths for department code: edsa
JPG path: ../images/departments/edsa.jpg - Exists: No
PNG path: ../images/departments/edsa.png - Exists: No
JPEG path: ../images/departments/edsa.jpeg - Exists: Yes

Checking paths for department code: sobsa
JPG path: ../images/departments/sobsa.jpg - Exists: No
PNG path: ../images/departments/sobsa.png - Exists: No
JPEG path: ../images/departments/sobsa.jpeg - Exists: Yes

Checking paths for department code: cossa
JPG path: ../images/departments/cossa.jpg - Exists: No
PNG path: ../images/departments/cossa.png - Exists: No
JPEG path: ../images/departments/cossa.jpeg - Exists: Yes

Checking paths for department code: dessa
JPG path: ../images/departments/dessa.jpg - Exists: No
PNG path: ../images/departments/dessa.png - Exists: No
JPEG path: ../images/departments/dessa.jpeg - Exists: Yes

Checking paths for department code: bmedsa
JPG path: ../images/departments/bmedsa.jpg - Exists: No
PNG path: ../images/departments/bmedsa.png - Exists: No
JPEG path: ../images/departments/bmedsa.jpeg - Exists: Yes

Checking paths for department code: bessa
JPG path: ../images/departments/bessa.jpg - Exists: No
PNG path: ../images/departments/bessa.png - Exists: No
JPEG path: ../images/departments/bessa.jpeg - Exists: Yes

Checking paths for department code: nursa
JPG path: ../images/departments/nursa.jpg - Exists: No
PNG path: ../images/departments/nursa.png - Exists: No
JPEG path: ../images/departments/nursa.jpeg - Exists: Yes

Checking paths for department code: themsa
JPG path: ../images/departments/themsa.jpg - Exists: No
PNG path: ../images/departments/themsa.png - Exists: Yes
JPEG path: ../images/departments/themsa.jpeg - Exists: No

Checking paths for department code: edsa
JPG path: ../images/departments/edsa.jpg - Exists: No
PNG path: ../images/departments/edsa.png - Exists: No
JPEG path: ../images/departments/edsa.jpeg - Exists: Yes

Checking paths for department code: sobsa
JPG path: ../images/departments/sobsa.jpg - Exists: No
PNG path: ../images/departments/sobsa.png - Exists: No
JPEG path: ../images/departments/sobsa.jpeg - Exists: Yes

Checking paths for department code: cossa
JPG path: ../images/departments/cossa.jpg - Exists: No
PNG path: ../images/departments/cossa.png - Exists: No
JPEG path: ../images/departments/cossa.jpeg - Exists: Yes

Checking paths for department code: dessa
JPG path: ../images/departments/dessa.jpg - Exists: No
PNG path: ../images/departments/dessa.png - Exists: No
JPEG path: ../images/departments/dessa.jpeg - Exists: Yes

Checking paths for department code: bmedsa
JPG path: ../images/departments/bmedsa.jpg - Exists: No
PNG path: ../images/departments/bmedsa.png - Exists: No
JPEG path: ../images/departments/bmedsa.jpeg - Exists: Yes

Checking paths for department code: bessa
JPG path: ../images/departments/bessa.jpg - Exists: No
PNG path: ../images/departments/bessa.png - Exists: No
JPEG path: ../images/departments/bessa.jpeg - Exists: Yes

Checking paths for department code: nursa
JPG path: ../images/departments/nursa.jpg - Exists: No
PNG path: ../images/departments/nursa.png - Exists: No
JPEG path: ../images/departments/nursa.jpeg - Exists: Yes

Checking paths for department code: themsa
JPG path: ../images/departments/themsa.jpg - Exists: No
PNG path: ../images/departments/themsa.png - Exists: Yes
JPEG path: ../images/departments/themsa.jpeg - Exists: No

Checking paths for department code: edsa
JPG path: ../images/departments/edsa.jpg - Exists: No
PNG path: ../images/departments/edsa.png - Exists: No
JPEG path: ../images/departments/edsa.jpeg - Exists: Yes

Checking paths for department code: sobsa
JPG path: ../images/departments/sobsa.jpg - Exists: No
PNG path: ../images/departments/sobsa.png - Exists: No
JPEG path: ../images/departments/sobsa.jpeg - Exists: Yes

Checking paths for department code: cossa
JPG path: ../images/departments/cossa.jpg - Exists: No
PNG path: ../images/departments/cossa.png - Exists: No
JPEG path: ../images/departments/cossa.jpeg - Exists: Yes

Checking paths for department code: dessa
JPG path: ../images/departments/dessa.jpg - Exists: No
PNG path: ../images/departments/dessa.png - Exists: No
JPEG path: ../images/departments/dessa.jpeg - Exists: Yes

Checking paths for department code: bmedsa
JPG path: ../images/departments/bmedsa.jpg - Exists: No
PNG path: ../images/departments/bmedsa.png - Exists: No
JPEG path: ../images/departments/bmedsa.jpeg - Exists: Yes

Checking paths for department code: bessa
JPG path: ../images/departments/bessa.jpg - Exists: No
PNG path: ../images/departments/bessa.png - Exists: No
JPEG path: ../images/departments/bessa.jpeg - Exists: Yes

Checking paths for department code: nursa
JPG path: ../images/departments/nursa.jpg - Exists: No
PNG path: ../images/departments/nursa.png - Exists: No
JPEG path: ../images/departments/nursa.jpeg - Exists: Yes

Checking paths for department code: themsa
JPG path: ../images/departments/themsa.jpg - Exists: No
PNG path: ../images/departments/themsa.png - Exists: Yes
JPEG path: ../images/departments/themsa.jpeg - Exists: No

Checking paths for department code: edsa
JPG path: ../images/departments/edsa.jpg - Exists: No
PNG path: ../images/departments/edsa.png - Exists: No
JPEG path: ../images/departments/edsa.jpeg - Exists: Yes

Checking paths for department code: sobsa
JPG path: ../images/departments/sobsa.jpg - Exists: No
PNG path: ../images/departments/sobsa.png - Exists: No
JPEG path: ../images/departments/sobsa.jpeg - Exists: Yes

Checking paths for department code: cossa
JPG path: ../images/departments/cossa.jpg - Exists: No
PNG path: ../images/departments/cossa.png - Exists: No
JPEG path: ../images/departments/cossa.jpeg - Exists: Yes

Checking paths for department code: dessa
JPG path: ../images/departments/dessa.jpg - Exists: No
PNG path: ../images/departments/dessa.png - Exists: No
JPEG path: ../images/departments/dessa.jpeg - Exists: Yes

Checking paths for department code: bmedsa
JPG path: ../images/departments/bmedsa.jpg - Exists: No
PNG path: ../images/departments/bmedsa.png - Exists: No
JPEG path: ../images/departments/bmedsa.jpeg - Exists: Yes

Checking paths for department code: bessa
JPG path: ../images/departments/bessa.jpg - Exists: No
PNG path: ../images/departments/bessa.png - Exists: No
JPEG path: ../images/departments/bessa.jpeg - Exists: Yes

Checking paths for department code: nursa
JPG path: ../images/departments/nursa.jpg - Exists: No
PNG path: ../images/departments/nursa.png - Exists: No
JPEG path: ../images/departments/nursa.jpeg - Exists: Yes

Checking paths for department code: themsa
JPG path: ../images/departments/themsa.jpg - Exists: No
PNG path: ../images/departments/themsa.png - Exists: Yes
JPEG path: ../images/departments/themsa.jpeg - Exists: No

Checking paths for department code: edsa
JPG path: ../images/departments/edsa.jpg - Exists: No
PNG path: ../images/departments/edsa.png - Exists: No
JPEG path: ../images/departments/edsa.jpeg - Exists: Yes

Checking paths for department code: sobsa
JPG path: ../images/departments/sobsa.jpg - Exists: No
PNG path: ../images/departments/sobsa.png - Exists: No
JPEG path: ../images/departments/sobsa.jpeg - Exists: Yes

Checking paths for department code: cossa
JPG path: ../images/departments/cossa.jpg - Exists: No
PNG path: ../images/departments/cossa.png - Exists: No
JPEG path: ../images/departments/cossa.jpeg - Exists: Yes

Checking paths for department code: dessa
JPG path: ../images/departments/dessa.jpg - Exists: No
PNG path: ../images/departments/dessa.png - Exists: No
JPEG path: ../images/departments/dessa.jpeg - Exists: Yes

Checking paths for department code: bmedsa
JPG path: ../images/departments/bmedsa.jpg - Exists: No
PNG path: ../images/departments/bmedsa.png - Exists: No
JPEG path: ../images/departments/bmedsa.jpeg - Exists: Yes

Checking paths for department code: bessa
JPG path: ../images/departments/bessa.jpg - Exists: No
PNG path: ../images/departments/bessa.png - Exists: No
JPEG path: ../images/departments/bessa.jpeg - Exists: Yes

Checking paths for department code: nursa
JPG path: ../images/departments/nursa.jpg - Exists: No
PNG path: ../images/departments/nursa.png - Exists: No
JPEG path: ../images/departments/nursa.jpeg - Exists: Yes

Checking paths for department code: themsa
JPG path: ../images/departments/themsa.jpg - Exists: No
PNG path: ../images/departments/themsa.png - Exists: Yes
JPEG path: ../images/departments/themsa.jpeg - Exists: No

Checking paths for department code: edsa
JPG path: ../images/departments/edsa.jpg - Exists: No
PNG path: ../images/departments/edsa.png - Exists: No
JPEG path: ../images/departments/edsa.jpeg - Exists: Yes

Checking paths for department code: sobsa
JPG path: ../images/departments/sobsa.jpg - Exists: No
PNG path: ../images/departments/sobsa.png - Exists: No
JPEG path: ../images/departments/sobsa.jpeg - Exists: Yes

Checking paths for department code: cossa
JPG path: ../images/departments/cossa.jpg - Exists: No
PNG path: ../images/departments/cossa.png - Exists: No
JPEG path: ../images/departments/cossa.jpeg - Exists: Yes

Checking paths for department code: dessa
JPG path: ../images/departments/dessa.jpg - Exists: No
PNG path: ../images/departments/dessa.png - Exists: No
JPEG path: ../images/departments/dessa.jpeg - Exists: Yes

Checking paths for department code: bmedsa
JPG path: ../images/departments/bmedsa.jpg - Exists: No
PNG path: ../images/departments/bmedsa.png - Exists: No
JPEG path: ../images/departments/bmedsa.jpeg - Exists: Yes

Checking paths for department code: bessa
JPG path: ../images/departments/bessa.jpg - Exists: No
PNG path: ../images/departments/bessa.png - Exists: No
JPEG path: ../images/departments/bessa.jpeg - Exists: Yes

Checking paths for department code: nursa
JPG path: ../images/departments/nursa.jpg - Exists: No
PNG path: ../images/departments/nursa.png - Exists: No
JPEG path: ../images/departments/nursa.jpeg - Exists: Yes

Checking paths for department code: themsa
JPG path: ../images/departments/themsa.jpg - Exists: No
PNG path: ../images/departments/themsa.png - Exists: Yes
JPEG path: ../images/departments/themsa.jpeg - Exists: No

Checking paths for department code: edsa
JPG path: ../images/departments/edsa.jpg - Exists: No
PNG path: ../images/departments/edsa.png - Exists: No
JPEG path: ../images/departments/edsa.jpeg - Exists: Yes

Checking paths for department code: sobsa
JPG path: ../images/departments/sobsa.jpg - Exists: No
PNG path: ../images/departments/sobsa.png - Exists: No
JPEG path: ../images/departments/sobsa.jpeg - Exists: Yes

Checking paths for department code: cossa
JPG path: ../images/departments/cossa.jpg - Exists: No
PNG path: ../images/departments/cossa.png - Exists: No
JPEG path: ../images/departments/cossa.jpeg - Exists: Yes

Checking paths for department code: dessa
JPG path: ../images/departments/dessa.jpg - Exists: No
PNG path: ../images/departments/dessa.png - Exists: No
JPEG path: ../images/departments/dessa.jpeg - Exists: Yes

Checking paths for department code: bmedsa
JPG path: ../images/departments/bmedsa.jpg - Exists: No
PNG path: ../images/departments/bmedsa.png - Exists: No
JPEG path: ../images/departments/bmedsa.jpeg - Exists: Yes

Checking paths for department code: bessa
JPG path: ../images/departments/bessa.jpg - Exists: No
PNG path: ../images/departments/bessa.png - Exists: No
JPEG path: ../images/departments/bessa.jpeg - Exists: Yes

Checking paths for department code: nursa
JPG path: ../images/departments/nursa.jpg - Exists: No
PNG path: ../images/departments/nursa.png - Exists: No
JPEG path: ../images/departments/nursa.jpeg - Exists: Yes

Checking paths for department code: themsa
JPG path: ../images/departments/themsa.jpg - Exists: No
PNG path: ../images/departments/themsa.png - Exists: Yes
JPEG path: ../images/departments/themsa.jpeg - Exists: No

Checking paths for department code: edsa
JPG path: ../images/departments/edsa.jpg - Exists: No
PNG path: ../images/departments/edsa.png - Exists: No
JPEG path: ../images/departments/edsa.jpeg - Exists: Yes

Checking paths for department code: sobsa
JPG path: ../images/departments/sobsa.jpg - Exists: No
PNG path: ../images/departments/sobsa.png - Exists: No
JPEG path: ../images/departments/sobsa.jpeg - Exists: Yes

Checking paths for department code: cossa
JPG path: ../images/departments/cossa.jpg - Exists: No
PNG path: ../images/departments/cossa.png - Exists: No
JPEG path: ../images/departments/cossa.jpeg - Exists: Yes

Checking paths for department code: dessa
JPG path: ../images/departments/dessa.jpg - Exists: No
PNG path: ../images/departments/dessa.png - Exists: No
JPEG path: ../images/departments/dessa.jpeg - Exists: Yes

Checking paths for department code: bmedsa
JPG path: ../images/departments/bmedsa.jpg - Exists: No
PNG path: ../images/departments/bmedsa.png - Exists: No
JPEG path: ../images/departments/bmedsa.jpeg - Exists: Yes

Checking paths for department code: bessa
JPG path: ../images/departments/bessa.jpg - Exists: No
PNG path: ../images/departments/bessa.png - Exists: No
JPEG path: ../images/departments/bessa.jpeg - Exists: Yes

Checking paths for department code: nursa
JPG path: ../images/departments/nursa.jpg - Exists: No
PNG path: ../images/departments/nursa.png - Exists: No
JPEG path: ../images/departments/nursa.jpeg - Exists: Yes

Checking paths for department code: themsa
JPG path: ../images/departments/themsa.jpg - Exists: No
PNG path: ../images/departments/themsa.png - Exists: Yes
JPEG path: ../images/departments/themsa.jpeg - Exists: No

Checking paths for department code: edsa
JPG path: ../images/departments/edsa.jpg - Exists: No
PNG path: ../images/departments/edsa.png - Exists: No
JPEG path: ../images/departments/edsa.jpeg - Exists: Yes

Checking paths for department code: sobsa
JPG path: ../images/departments/sobsa.jpg - Exists: No
PNG path: ../images/departments/sobsa.png - Exists: No
JPEG path: ../images/departments/sobsa.jpeg - Exists: Yes

Checking paths for department code: cossa
JPG path: ../images/departments/cossa.jpg - Exists: No
PNG path: ../images/departments/cossa.png - Exists: No
JPEG path: ../images/departments/cossa.jpeg - Exists: Yes

Checking paths for department code: dessa
JPG path: ../images/departments/dessa.jpg - Exists: No
PNG path: ../images/departments/dessa.png - Exists: No
JPEG path: ../images/departments/dessa.jpeg - Exists: Yes

Checking paths for department code: bmedsa
JPG path: ../images/departments/bmedsa.jpg - Exists: No
PNG path: ../images/departments/bmedsa.png - Exists: No
JPEG path: ../images/departments/bmedsa.jpeg - Exists: Yes

Checking paths for department code: bessa
JPG path: ../images/departments/bessa.jpg - Exists: No
PNG path: ../images/departments/bessa.png - Exists: No
JPEG path: ../images/departments/bessa.jpeg - Exists: Yes

Checking paths for department code: nursa
JPG path: ../images/departments/nursa.jpg - Exists: No
PNG path: ../images/departments/nursa.png - Exists: No
JPEG path: ../images/departments/nursa.jpeg - Exists: Yes

Checking paths for department code: themsa
JPG path: ../images/departments/themsa.jpg - Exists: No
PNG path: ../images/departments/themsa.png - Exists: Yes
JPEG path: ../images/departments/themsa.jpeg - Exists: No

Checking paths for department code: edsa
JPG path: ../images/departments/edsa.jpg - Exists: No
PNG path: ../images/departments/edsa.png - Exists: No
JPEG path: ../images/departments/edsa.jpeg - Exists: Yes

Checking paths for department code: sobsa
JPG path: ../images/departments/sobsa.jpg - Exists: No
PNG path: ../images/departments/sobsa.png - Exists: No
JPEG path: ../images/departments/sobsa.jpeg - Exists: Yes

Checking paths for department code: cossa
JPG path: ../images/departments/cossa.jpg - Exists: No
PNG path: ../images/departments/cossa.png - Exists: No
JPEG path: ../images/departments/cossa.jpeg - Exists: Yes

Checking paths for department code: dessa
JPG path: ../images/departments/dessa.jpg - Exists: No
PNG path: ../images/departments/dessa.png - Exists: No
JPEG path: ../images/departments/dessa.jpeg - Exists: Yes

Checking paths for department code: bmedsa
JPG path: ../images/departments/bmedsa.jpg - Exists: No
PNG path: ../images/departments/bmedsa.png - Exists: No
JPEG path: ../images/departments/bmedsa.jpeg - Exists: Yes

Checking paths for department code: bessa
JPG path: ../images/departments/bessa.jpg - Exists: No
PNG path: ../images/departments/bessa.png - Exists: No
JPEG path: ../images/departments/bessa.jpeg - Exists: Yes

Checking paths for department code: nursa
JPG path: ../images/departments/nursa.jpg - Exists: No
PNG path: ../images/departments/nursa.png - Exists: No
JPEG path: ../images/departments/nursa.jpeg - Exists: Yes

Checking paths for department code: themsa
JPG path: ../images/departments/themsa.jpg - Exists: No
PNG path: ../images/departments/themsa.png - Exists: Yes
JPEG path: ../images/departments/themsa.jpeg - Exists: No

Checking paths for department code: edsa
JPG path: ../images/departments/edsa.jpg - Exists: No
PNG path: ../images/departments/edsa.png - Exists: No
JPEG path: ../images/departments/edsa.jpeg - Exists: Yes

Checking paths for department code: sobsa
JPG path: ../images/departments/sobsa.jpg - Exists: No
PNG path: ../images/departments/sobsa.png - Exists: No
JPEG path: ../images/departments/sobsa.jpeg - Exists: Yes

Checking paths for department code: cossa
JPG path: ../images/departments/cossa.jpg - Exists: No
PNG path: ../images/departments/cossa.png - Exists: No
JPEG path: ../images/departments/cossa.jpeg - Exists: Yes

Checking paths for department code: dessa
JPG path: ../images/departments/dessa.jpg - Exists: No
PNG path: ../images/departments/dessa.png - Exists: No
JPEG path: ../images/departments/dessa.jpeg - Exists: Yes

Checking paths for department code: bmedsa
JPG path: ../images/departments/bmedsa.jpg - Exists: No
PNG path: ../images/departments/bmedsa.png - Exists: No
JPEG path: ../images/departments/bmedsa.jpeg - Exists: Yes

Checking paths for department code: bessa
JPG path: ../images/departments/bessa.jpg - Exists: No
PNG path: ../images/departments/bessa.png - Exists: No
JPEG path: ../images/departments/bessa.jpeg - Exists: Yes

Checking paths for department code: nursa
JPG path: ../images/departments/nursa.jpg - Exists: No
PNG path: ../images/departments/nursa.png - Exists: No
JPEG path: ../images/departments/nursa.jpeg - Exists: Yes

Checking paths for department code: themsa
JPG path: ../images/departments/themsa.jpg - Exists: No
PNG path: ../images/departments/themsa.png - Exists: Yes
JPEG path: ../images/departments/themsa.jpeg - Exists: No

Checking paths for department code: edsa
JPG path: ../images/departments/edsa.jpg - Exists: No
PNG path: ../images/departments/edsa.png - Exists: No
JPEG path: ../images/departments/edsa.jpeg - Exists: Yes

Checking paths for department code: sobsa
JPG path: ../images/departments/sobsa.jpg - Exists: No
PNG path: ../images/departments/sobsa.png - Exists: No
JPEG path: ../images/departments/sobsa.jpeg - Exists: Yes

Checking paths for department code: cossa
JPG path: ../images/departments/cossa.jpg - Exists: No
PNG path: ../images/departments/cossa.png - Exists: No
JPEG path: ../images/departments/cossa.jpeg - Exists: Yes

Checking paths for department code: dessa
JPG path: ../images/departments/dessa.jpg - Exists: No
PNG path: ../images/departments/dessa.png - Exists: No
JPEG path: ../images/departments/dessa.jpeg - Exists: Yes

Checking paths for department code: bmedsa
JPG path: ../images/departments/bmedsa.jpg - Exists: No
PNG path: ../images/departments/bmedsa.png - Exists: No
JPEG path: ../images/departments/bmedsa.jpeg - Exists: Yes

Checking paths for department code: bessa
JPG path: ../images/departments/bessa.jpg - Exists: No
PNG path: ../images/departments/bessa.png - Exists: No
JPEG path: ../images/departments/bessa.jpeg - Exists: Yes

Checking paths for department code: nursa
JPG path: ../images/departments/nursa.jpg - Exists: No
PNG path: ../images/departments/nursa.png - Exists: No
JPEG path: ../images/departments/nursa.jpeg - Exists: Yes

Checking paths for department code: themsa
JPG path: ../images/departments/themsa.jpg - Exists: No
PNG path: ../images/departments/themsa.png - Exists: Yes
JPEG path: ../images/departments/themsa.jpeg - Exists: No

Checking paths for department code: edsa
JPG path: ../images/departments/edsa.jpg - Exists: No
PNG path: ../images/departments/edsa.png - Exists: No
JPEG path: ../images/departments/edsa.jpeg - Exists: Yes

Checking paths for department code: sobsa
JPG path: ../images/departments/sobsa.jpg - Exists: No
PNG path: ../images/departments/sobsa.png - Exists: No
JPEG path: ../images/departments/sobsa.jpeg - Exists: Yes

Checking paths for department code: cossa
JPG path: ../images/departments/cossa.jpg - Exists: No
PNG path: ../images/departments/cossa.png - Exists: No
JPEG path: ../images/departments/cossa.jpeg - Exists: Yes

Checking paths for department code: dessa
JPG path: ../images/departments/dessa.jpg - Exists: No
PNG path: ../images/departments/dessa.png - Exists: No
JPEG path: ../images/departments/dessa.jpeg - Exists: Yes

Checking paths for department code: bmedsa
JPG path: ../images/departments/bmedsa.jpg - Exists: No
PNG path: ../images/departments/bmedsa.png - Exists: No
JPEG path: ../images/departments/bmedsa.jpeg - Exists: Yes

Checking paths for department code: bessa
JPG path: ../images/departments/bessa.jpg - Exists: No
PNG path: ../images/departments/bessa.png - Exists: No
JPEG path: ../images/departments/bessa.jpeg - Exists: Yes

