[2025-07-22 16:06:54] Error: You have an error in your SQL syntax; check the manual that corresponds to your MariaDB server version for the right syntax to use near 's Committee','Public Relations Committee','Organizing Committee','Judicial Co...' at line 1
SQL: SELECT * FROM committees WHERE name IN ('Finance Committee','Welfare Committee','President\''s Committee','Public Relations Committee','Organizing Committee','Judicial Committee','Audit Board','Editorial Committee','Electoral Commission','Vetting Committee','Constitutional Amendment Committee') ORDER BY updated_at DESC
MySQL Error: You have an error in your SQL syntax; check the manual that corresponds to your MariaDB server version for the right syntax to use near 's Committee','Public Relations Committee','Organizing Committee','Judicial Co...' at line 1

[2025-07-22 16:10:14] Error: You have an error in your SQL syntax; check the manual that corresponds to your MariaDB server version for the right syntax to use near 's Committee','Public Relations Committee','Organizing Committee','Judicial Co...' at line 1
SQL: SELECT * FROM committees WHERE name IN ('Finance Committee','Welfare Committee','President\''s Committee','Public Relations Committee','Organizing Committee','Judicial Committee','Audit Board','Editorial Committee','Electoral Commission','Vetting Committee','Constitutional Amendment Committee') ORDER BY updated_at DESC
MySQL Error: You have an error in your SQL syntax; check the manual that corresponds to your MariaDB server version for the right syntax to use near 's Committee','Public Relations Committee','Organizing Committee','Judicial Co...' at line 1

[2025-07-22 19:33:19] Error: You have an error in your SQL syntax; check the manual that corresponds to your MariaDB server version for the right syntax to use near 's Committee','Public Relations Committee','Organizing Committee','Judicial Co...' at line 1
SQL: SELECT * FROM committees WHERE name IN ('Finance Committee','Welfare Committee','President\''s Committee','Public Relations Committee','Organizing Committee','Judicial Committee','Audit Board','Editorial Committee','Electoral Commission','Vetting Committee','Constitutional Amendment Committee') ORDER BY updated_at DESC
MySQL Error: You have an error in your SQL syntax; check the manual that corresponds to your MariaDB server version for the right syntax to use near 's Committee','Public Relations Committee','Organizing Committee','Judicial Co...' at line 1

[2025-07-22 21:31:23] Error: You have an error in your SQL syntax; check the manual that corresponds to your MariaDB server version for the right syntax to use near 's Committee','Public Relations Committee','Organizing Committee','Judicial Co...' at line 1
SQL: SELECT * FROM committees WHERE name IN ('Finance Committee','Welfare Committee','President\''s Committee','Public Relations Committee','Organizing Committee','Judicial Committee','Audit Board','Editorial Committee','Electoral Commission','Vetting Committee','Constitutional Amendment Committee') ORDER BY updated_at DESC
MySQL Error: You have an error in your SQL syntax; check the manual that corresponds to your MariaDB server version for the right syntax to use near 's Committee','Public Relations Committee','Organizing Committee','Judicial Co...' at line 1

[2025-07-22 21:31:45] Error: You have an error in your SQL syntax; check the manual that corresponds to your MariaDB server version for the right syntax to use near 's Committee','Public Relations Committee','Organizing Committee','Judicial Co...' at line 1
SQL: SELECT * FROM committees WHERE name IN ('Finance Committee','Welfare Committee','President\''s Committee','Public Relations Committee','Organizing Committee','Judicial Committee','Audit Board','Editorial Committee','Electoral Commission','Vetting Committee','Constitutional Amendment Committee') ORDER BY updated_at DESC
MySQL Error: You have an error in your SQL syntax; check the manual that corresponds to your MariaDB server version for the right syntax to use near 's Committee','Public Relations Committee','Organizing Committee','Judicial Co...' at line 1

[2025-07-23 13:01:35] Error: You have an error in your SQL syntax; check the manual that corresponds to your MariaDB server version for the right syntax to use near 's Committee','Public Relations Committee','Organizing Committee','Judicial Co...' at line 1
SQL: SELECT * FROM committees WHERE name IN ('Finance Committee','Welfare Committee','President\''s Committee','Public Relations Committee','Organizing Committee','Judicial Committee','Audit Board','Editorial Committee','Electoral Commission','Vetting Committee','Constitutional Amendment Committee') ORDER BY updated_at DESC
MySQL Error: You have an error in your SQL syntax; check the manual that corresponds to your MariaDB server version for the right syntax to use near 's Committee','Public Relations Committee','Organizing Committee','Judicial Co...' at line 1

[2025-07-23 17:26:05] Error: You have an error in your SQL syntax; check the manual that corresponds to your MariaDB server version for the right syntax to use near 's Committee','Public Relations Committee','Organizing Committee','Judicial Co...' at line 1
SQL: SELECT * FROM committees WHERE name IN ('Finance Committee','Welfare Committee','President\''s Committee','Public Relations Committee','Organizing Committee','Judicial Committee','Audit Board','Editorial Committee','Electoral Commission','Vetting Committee','Constitutional Amendment Committee') ORDER BY updated_at DESC
MySQL Error: You have an error in your SQL syntax; check the manual that corresponds to your MariaDB server version for the right syntax to use near 's Committee','Public Relations Committee','Organizing Committee','Judicial Co...' at line 1

[2025-07-23 17:26:20] Error: You have an error in your SQL syntax; check the manual that corresponds to your MariaDB server version for the right syntax to use near 's Committee','Public Relations Committee','Organizing Committee','Judicial Co...' at line 1
SQL: SELECT * FROM committees WHERE name IN ('Finance Committee','Welfare Committee','President\''s Committee','Public Relations Committee','Organizing Committee','Judicial Committee','Audit Board','Editorial Committee','Electoral Commission','Vetting Committee','Constitutional Amendment Committee') ORDER BY updated_at DESC
MySQL Error: You have an error in your SQL syntax; check the manual that corresponds to your MariaDB server version for the right syntax to use near 's Committee','Public Relations Committee','Organizing Committee','Judicial Co...' at line 1

[2025-07-24 02:33:28] Error: You have an error in your SQL syntax; check the manual that corresponds to your MariaDB server version for the right syntax to use near 's Committee','Public Relations Committee','Organizing Committee','Judicial Co...' at line 1
SQL: SELECT * FROM committees WHERE name IN ('Finance Committee','Welfare Committee','President\''s Committee','Public Relations Committee','Organizing Committee','Judicial Committee','Audit Board','Editorial Committee','Electoral Commission','Vetting Committee','Constitutional Amendment Committee') ORDER BY updated_at DESC
MySQL Error: You have an error in your SQL syntax; check the manual that corresponds to your MariaDB server version for the right syntax to use near 's Committee','Public Relations Committee','Organizing Committee','Judicial Co...' at line 1

[2025-07-25 14:01:56] Error: You have an error in your SQL syntax; check the manual that corresponds to your MariaDB server version for the right syntax to use near 's Committee','Public Relations Committee','Organizing Committee','Judicial Co...' at line 1
SQL: SELECT * FROM committees WHERE name IN ('Finance Committee','Welfare Committee','President\''s Committee','Public Relations Committee','Organizing Committee','Judicial Committee','Audit Board','Editorial Committee','Electoral Commission','Vetting Committee','Constitutional Amendment Committee') ORDER BY updated_at DESC
MySQL Error: You have an error in your SQL syntax; check the manual that corresponds to your MariaDB server version for the right syntax to use near 's Committee','Public Relations Committee','Organizing Committee','Judicial Co...' at line 1

[2025-07-25 14:02:15] Error: You have an error in your SQL syntax; check the manual that corresponds to your MariaDB server version for the right syntax to use near 's Committee','Public Relations Committee','Organizing Committee','Judicial Co...' at line 1
SQL: SELECT * FROM committees WHERE name IN ('Finance Committee','Welfare Committee','President\''s Committee','Public Relations Committee','Organizing Committee','Judicial Committee','Audit Board','Editorial Committee','Electoral Commission','Vetting Committee','Constitutional Amendment Committee') ORDER BY updated_at DESC
MySQL Error: You have an error in your SQL syntax; check the manual that corresponds to your MariaDB server version for the right syntax to use near 's Committee','Public Relations Committee','Organizing Committee','Judicial Co...' at line 1

[2025-07-25 14:08:42] Error: You have an error in your SQL syntax; check the manual that corresponds to your MariaDB server version for the right syntax to use near 's Committee','Public Relations Committee','Organizing Committee','Judicial Co...' at line 1
SQL: SELECT * FROM committees WHERE name IN ('Finance Committee','Welfare Committee','President\''s Committee','Public Relations Committee','Organizing Committee','Judicial Committee','Audit Board','Editorial Committee','Electoral Commission','Vetting Committee','Constitutional Amendment Committee') ORDER BY updated_at DESC
MySQL Error: You have an error in your SQL syntax; check the manual that corresponds to your MariaDB server version for the right syntax to use near 's Committee','Public Relations Committee','Organizing Committee','Judicial Co...' at line 1

[2025-07-25 14:09:01] Error: You have an error in your SQL syntax; check the manual that corresponds to your MariaDB server version for the right syntax to use near 's Committee','Public Relations Committee','Organizing Committee','Judicial Co...' at line 1
SQL: SELECT * FROM committees WHERE name IN ('Finance Committee','Welfare Committee','President\''s Committee','Public Relations Committee','Organizing Committee','Judicial Committee','Audit Board','Editorial Committee','Electoral Commission','Vetting Committee','Constitutional Amendment Committee') ORDER BY updated_at DESC
MySQL Error: You have an error in your SQL syntax; check the manual that corresponds to your MariaDB server version for the right syntax to use near 's Committee','Public Relations Committee','Organizing Committee','Judicial Co...' at line 1

[2025-07-25 14:45:52] Error: You have an error in your SQL syntax; check the manual that corresponds to your MariaDB server version for the right syntax to use near 's Committee','Public Relations Committee','Organizing Committee','Judicial Co...' at line 1
SQL: SELECT * FROM committees WHERE name IN ('Finance Committee','Welfare Committee','President\''s Committee','Public Relations Committee','Organizing Committee','Judicial Committee','Audit Board','Editorial Committee','Electoral Commission','Vetting Committee','Constitutional Amendment Committee') ORDER BY updated_at DESC
MySQL Error: You have an error in your SQL syntax; check the manual that corresponds to your MariaDB server version for the right syntax to use near 's Committee','Public Relations Committee','Organizing Committee','Judicial Co...' at line 1

[2025-07-25 14:58:27] Error: You have an error in your SQL syntax; check the manual that corresponds to your MariaDB server version for the right syntax to use near 's Committee','Public Relations Committee','Organizing Committee','Judicial Co...' at line 1
SQL: SELECT * FROM committees WHERE name IN ('Finance Committee','Welfare Committee','President\''s Committee','Public Relations Committee','Organizing Committee','Judicial Committee','Audit Board','Editorial Committee','Electoral Commission','Vetting Committee','Constitutional Amendment Committee') ORDER BY updated_at DESC
MySQL Error: You have an error in your SQL syntax; check the manual that corresponds to your MariaDB server version for the right syntax to use near 's Committee','Public Relations Committee','Organizing Committee','Judicial Co...' at line 1

[2025-07-25 15:06:50] Error: Table 'src_management_system.user_guide_sections' doesn't exist
SQL: 
        SELECT * FROM user_guide_sections
        WHERE role_access IN ('all', 'member_admin', 'admin_only') AND is_active = 1
        ORDER BY sort_order ASC, title ASC
    
MySQL Error: Table 'src_management_system.user_guide_sections' doesn't exist

[2025-07-25 15:22:05] Error: You have an error in your SQL syntax; check the manual that corresponds to your MariaDB server version for the right syntax to use near 's Committee','Public Relations Committee','Organizing Committee','Judicial Co...' at line 1
SQL: SELECT * FROM committees WHERE name IN ('Finance Committee','Welfare Committee','President\''s Committee','Public Relations Committee','Organizing Committee','Judicial Committee','Audit Board','Editorial Committee','Electoral Commission','Vetting Committee','Constitutional Amendment Committee') ORDER BY updated_at DESC
MySQL Error: You have an error in your SQL syntax; check the manual that corresponds to your MariaDB server version for the right syntax to use near 's Committee','Public Relations Committee','Organizing Committee','Judicial Co...' at line 1

[2025-07-25 15:24:20] Error: You have an error in your SQL syntax; check the manual that corresponds to your MariaDB server version for the right syntax to use near 's Committee','Public Relations Committee','Organizing Committee','Judicial Co...' at line 1
SQL: SELECT * FROM committees WHERE name IN ('Finance Committee','Welfare Committee','President\''s Committee','Public Relations Committee','Organizing Committee','Judicial Committee','Audit Board','Editorial Committee','Electoral Commission','Vetting Committee','Constitutional Amendment Committee') ORDER BY updated_at DESC
MySQL Error: You have an error in your SQL syntax; check the manual that corresponds to your MariaDB server version for the right syntax to use near 's Committee','Public Relations Committee','Organizing Committee','Judicial Co...' at line 1

[2025-07-25 15:25:14] Error: You have an error in your SQL syntax; check the manual that corresponds to your MariaDB server version for the right syntax to use near 's Committee','Public Relations Committee','Organizing Committee','Judicial Co...' at line 1
SQL: SELECT * FROM committees WHERE name IN ('Finance Committee','Welfare Committee','President\''s Committee','Public Relations Committee','Organizing Committee','Judicial Committee','Audit Board','Editorial Committee','Electoral Commission','Vetting Committee','Constitutional Amendment Committee') ORDER BY updated_at DESC
MySQL Error: You have an error in your SQL syntax; check the manual that corresponds to your MariaDB server version for the right syntax to use near 's Committee','Public Relations Committee','Organizing Committee','Judicial Co...' at line 1

[2025-07-25 17:09:55] Error: You have an error in your SQL syntax; check the manual that corresponds to your MariaDB server version for the right syntax to use near 's Committee','Public Relations Committee','Organizing Committee','Judicial Co...' at line 1
SQL: SELECT * FROM committees WHERE name IN ('Finance Committee','Welfare Committee','President\''s Committee','Public Relations Committee','Organizing Committee','Judicial Committee','Audit Board','Editorial Committee','Electoral Commission','Vetting Committee','Constitutional Amendment Committee') ORDER BY updated_at DESC
MySQL Error: You have an error in your SQL syntax; check the manual that corresponds to your MariaDB server version for the right syntax to use near 's Committee','Public Relations Committee','Organizing Committee','Judicial Co...' at line 1

[2025-07-25 17:10:56] Error: You have an error in your SQL syntax; check the manual that corresponds to your MariaDB server version for the right syntax to use near 's Committee','Public Relations Committee','Organizing Committee','Judicial Co...' at line 1
SQL: SELECT * FROM committees WHERE name IN ('Finance Committee','Welfare Committee','President\''s Committee','Public Relations Committee','Organizing Committee','Judicial Committee','Audit Board','Editorial Committee','Electoral Commission','Vetting Committee','Constitutional Amendment Committee') ORDER BY updated_at DESC
MySQL Error: You have an error in your SQL syntax; check the manual that corresponds to your MariaDB server version for the right syntax to use near 's Committee','Public Relations Committee','Organizing Committee','Judicial Co...' at line 1

[2025-07-25 17:11:22] Error: You have an error in your SQL syntax; check the manual that corresponds to your MariaDB server version for the right syntax to use near 's Committee','Public Relations Committee','Organizing Committee','Judicial Co...' at line 1
SQL: SELECT * FROM committees WHERE name IN ('Finance Committee','Welfare Committee','President\''s Committee','Public Relations Committee','Organizing Committee','Judicial Committee','Audit Board','Editorial Committee','Electoral Commission','Vetting Committee','Constitutional Amendment Committee') ORDER BY updated_at DESC
MySQL Error: You have an error in your SQL syntax; check the manual that corresponds to your MariaDB server version for the right syntax to use near 's Committee','Public Relations Committee','Organizing Committee','Judicial Co...' at line 1

[2025-07-25 17:11:43] Error: You have an error in your SQL syntax; check the manual that corresponds to your MariaDB server version for the right syntax to use near 's Committee','Public Relations Committee','Organizing Committee','Judicial Co...' at line 1
SQL: SELECT * FROM committees WHERE name IN ('Finance Committee','Welfare Committee','President\''s Committee','Public Relations Committee','Organizing Committee','Judicial Committee','Audit Board','Editorial Committee','Electoral Commission','Vetting Committee','Constitutional Amendment Committee') ORDER BY updated_at DESC
MySQL Error: You have an error in your SQL syntax; check the manual that corresponds to your MariaDB server version for the right syntax to use near 's Committee','Public Relations Committee','Organizing Committee','Judicial Co...' at line 1

[2025-07-25 17:18:17] Error: You have an error in your SQL syntax; check the manual that corresponds to your MariaDB server version for the right syntax to use near 's Committee','Public Relations Committee','Organizing Committee','Judicial Co...' at line 1
SQL: SELECT * FROM committees WHERE name IN ('Finance Committee','Welfare Committee','President\''s Committee','Public Relations Committee','Organizing Committee','Judicial Committee','Audit Board','Editorial Committee','Electoral Commission','Vetting Committee','Constitutional Amendment Committee') ORDER BY updated_at DESC
MySQL Error: You have an error in your SQL syntax; check the manual that corresponds to your MariaDB server version for the right syntax to use near 's Committee','Public Relations Committee','Organizing Committee','Judicial Co...' at line 1

[2025-07-25 17:22:18] Error: You have an error in your SQL syntax; check the manual that corresponds to your MariaDB server version for the right syntax to use near 's Committee','Public Relations Committee','Organizing Committee','Judicial Co...' at line 1
SQL: SELECT * FROM committees WHERE name IN ('Finance Committee','Welfare Committee','President\''s Committee','Public Relations Committee','Organizing Committee','Judicial Committee','Audit Board','Editorial Committee','Electoral Commission','Vetting Committee','Constitutional Amendment Committee') ORDER BY updated_at DESC
MySQL Error: You have an error in your SQL syntax; check the manual that corresponds to your MariaDB server version for the right syntax to use near 's Committee','Public Relations Committee','Organizing Committee','Judicial Co...' at line 1

[2025-07-25 17:22:33] Error: You have an error in your SQL syntax; check the manual that corresponds to your MariaDB server version for the right syntax to use near 's Committee','Public Relations Committee','Organizing Committee','Judicial Co...' at line 1
SQL: SELECT * FROM committees WHERE name IN ('Finance Committee','Welfare Committee','President\''s Committee','Public Relations Committee','Organizing Committee','Judicial Committee','Audit Board','Editorial Committee','Electoral Commission','Vetting Committee','Constitutional Amendment Committee') ORDER BY updated_at DESC
MySQL Error: You have an error in your SQL syntax; check the manual that corresponds to your MariaDB server version for the right syntax to use near 's Committee','Public Relations Committee','Organizing Committee','Judicial Co...' at line 1

[2025-07-25 17:22:38] Error: You have an error in your SQL syntax; check the manual that corresponds to your MariaDB server version for the right syntax to use near 's Committee','Public Relations Committee','Organizing Committee','Judicial Co...' at line 1
SQL: SELECT * FROM committees WHERE name IN ('Finance Committee','Welfare Committee','President\''s Committee','Public Relations Committee','Organizing Committee','Judicial Committee','Audit Board','Editorial Committee','Electoral Commission','Vetting Committee','Constitutional Amendment Committee') ORDER BY updated_at DESC
MySQL Error: You have an error in your SQL syntax; check the manual that corresponds to your MariaDB server version for the right syntax to use near 's Committee','Public Relations Committee','Organizing Committee','Judicial Co...' at line 1

[2025-07-25 17:22:53] Error: You have an error in your SQL syntax; check the manual that corresponds to your MariaDB server version for the right syntax to use near 's Committee','Public Relations Committee','Organizing Committee','Judicial Co...' at line 1
SQL: SELECT * FROM committees WHERE name IN ('Finance Committee','Welfare Committee','President\''s Committee','Public Relations Committee','Organizing Committee','Judicial Committee','Audit Board','Editorial Committee','Electoral Commission','Vetting Committee','Constitutional Amendment Committee') ORDER BY updated_at DESC
MySQL Error: You have an error in your SQL syntax; check the manual that corresponds to your MariaDB server version for the right syntax to use near 's Committee','Public Relations Committee','Organizing Committee','Judicial Co...' at line 1

[2025-07-25 17:23:06] Error: You have an error in your SQL syntax; check the manual that corresponds to your MariaDB server version for the right syntax to use near 's Committee','Public Relations Committee','Organizing Committee','Judicial Co...' at line 1
SQL: SELECT * FROM committees WHERE name IN ('Finance Committee','Welfare Committee','President\''s Committee','Public Relations Committee','Organizing Committee','Judicial Committee','Audit Board','Editorial Committee','Electoral Commission','Vetting Committee','Constitutional Amendment Committee') ORDER BY updated_at DESC
MySQL Error: You have an error in your SQL syntax; check the manual that corresponds to your MariaDB server version for the right syntax to use near 's Committee','Public Relations Committee','Organizing Committee','Judicial Co...' at line 1

[2025-07-25 17:26:54] Error: You have an error in your SQL syntax; check the manual that corresponds to your MariaDB server version for the right syntax to use near 's Committee','Public Relations Committee','Organizing Committee','Judicial Co...' at line 1
SQL: SELECT * FROM committees WHERE name IN ('Finance Committee','Welfare Committee','President\''s Committee','Public Relations Committee','Organizing Committee','Judicial Committee','Audit Board','Editorial Committee','Electoral Commission','Vetting Committee','Constitutional Amendment Committee') ORDER BY updated_at DESC
MySQL Error: You have an error in your SQL syntax; check the manual that corresponds to your MariaDB server version for the right syntax to use near 's Committee','Public Relations Committee','Organizing Committee','Judicial Co...' at line 1

[2025-07-25 17:27:07] Error: You have an error in your SQL syntax; check the manual that corresponds to your MariaDB server version for the right syntax to use near 's Committee','Public Relations Committee','Organizing Committee','Judicial Co...' at line 1
SQL: SELECT * FROM committees WHERE name IN ('Finance Committee','Welfare Committee','President\''s Committee','Public Relations Committee','Organizing Committee','Judicial Committee','Audit Board','Editorial Committee','Electoral Commission','Vetting Committee','Constitutional Amendment Committee') ORDER BY updated_at DESC
MySQL Error: You have an error in your SQL syntax; check the manual that corresponds to your MariaDB server version for the right syntax to use near 's Committee','Public Relations Committee','Organizing Committee','Judicial Co...' at line 1

[2025-07-25 17:27:32] Error: You have an error in your SQL syntax; check the manual that corresponds to your MariaDB server version for the right syntax to use near 's Committee','Public Relations Committee','Organizing Committee','Judicial Co...' at line 1
SQL: SELECT * FROM committees WHERE name IN ('Finance Committee','Welfare Committee','President\''s Committee','Public Relations Committee','Organizing Committee','Judicial Committee','Audit Board','Editorial Committee','Electoral Commission','Vetting Committee','Constitutional Amendment Committee') ORDER BY updated_at DESC
MySQL Error: You have an error in your SQL syntax; check the manual that corresponds to your MariaDB server version for the right syntax to use near 's Committee','Public Relations Committee','Organizing Committee','Judicial Co...' at line 1

[2025-07-25 17:27:45] Error: You have an error in your SQL syntax; check the manual that corresponds to your MariaDB server version for the right syntax to use near 's Committee','Public Relations Committee','Organizing Committee','Judicial Co...' at line 1
SQL: SELECT * FROM committees WHERE name IN ('Finance Committee','Welfare Committee','President\''s Committee','Public Relations Committee','Organizing Committee','Judicial Committee','Audit Board','Editorial Committee','Electoral Commission','Vetting Committee','Constitutional Amendment Committee') ORDER BY updated_at DESC
MySQL Error: You have an error in your SQL syntax; check the manual that corresponds to your MariaDB server version for the right syntax to use near 's Committee','Public Relations Committee','Organizing Committee','Judicial Co...' at line 1

[2025-07-25 17:31:36] Error: You have an error in your SQL syntax; check the manual that corresponds to your MariaDB server version for the right syntax to use near 's Committee','Public Relations Committee','Organizing Committee','Judicial Co...' at line 1
SQL: SELECT * FROM committees WHERE name IN ('Finance Committee','Welfare Committee','President\''s Committee','Public Relations Committee','Organizing Committee','Judicial Committee','Audit Board','Editorial Committee','Electoral Commission','Vetting Committee','Constitutional Amendment Committee') ORDER BY updated_at DESC
MySQL Error: You have an error in your SQL syntax; check the manual that corresponds to your MariaDB server version for the right syntax to use near 's Committee','Public Relations Committee','Organizing Committee','Judicial Co...' at line 1

[2025-07-25 17:55:24] Error: You have an error in your SQL syntax; check the manual that corresponds to your MariaDB server version for the right syntax to use near 's Committee','Public Relations Committee','Organizing Committee','Judicial Co...' at line 1
SQL: SELECT * FROM committees WHERE name IN ('Finance Committee','Welfare Committee','President\''s Committee','Public Relations Committee','Organizing Committee','Judicial Committee','Audit Board','Editorial Committee','Electoral Commission','Vetting Committee','Constitutional Amendment Committee') ORDER BY updated_at DESC
MySQL Error: You have an error in your SQL syntax; check the manual that corresponds to your MariaDB server version for the right syntax to use near 's Committee','Public Relations Committee','Organizing Committee','Judicial Co...' at line 1

[2025-07-28 01:07:06] Error: You have an error in your SQL syntax; check the manual that corresponds to your MariaDB server version for the right syntax to use near 's Committee','Public Relations Committee','Organizing Committee','Judicial Co...' at line 1
SQL: SELECT * FROM committees WHERE name IN ('Finance Committee','Welfare Committee','President\''s Committee','Public Relations Committee','Organizing Committee','Judicial Committee','Audit Board','Editorial Committee','Electoral Commission','Vetting Committee','Constitutional Amendment Committee') ORDER BY updated_at DESC
MySQL Error: You have an error in your SQL syntax; check the manual that corresponds to your MariaDB server version for the right syntax to use near 's Committee','Public Relations Committee','Organizing Committee','Judicial Co...' at line 1

[2025-07-28 01:08:13] Error: You have an error in your SQL syntax; check the manual that corresponds to your MariaDB server version for the right syntax to use near 's Committee','Public Relations Committee','Organizing Committee','Judicial Co...' at line 1
SQL: SELECT * FROM committees WHERE name IN ('Finance Committee','Welfare Committee','President\''s Committee','Public Relations Committee','Organizing Committee','Judicial Committee','Audit Board','Editorial Committee','Electoral Commission','Vetting Committee','Constitutional Amendment Committee') ORDER BY updated_at DESC
MySQL Error: You have an error in your SQL syntax; check the manual that corresponds to your MariaDB server version for the right syntax to use near 's Committee','Public Relations Committee','Organizing Committee','Judicial Co...' at line 1

[2025-07-28 01:38:10] Error: Table 'src_management_system.user_guide_sections' doesn't exist
SQL: 
        SELECT * FROM user_guide_sections
        WHERE role_access IN ('all', 'member_admin', 'admin_only') AND is_active = 1
        ORDER BY sort_order ASC, title ASC
    
MySQL Error: Table 'src_management_system.user_guide_sections' doesn't exist

[2025-07-28 03:19:46] Error: You have an error in your SQL syntax; check the manual that corresponds to your MariaDB server version for the right syntax to use near 's Committee','Public Relations Committee','Organizing Committee','Judicial Co...' at line 1
SQL: SELECT * FROM committees WHERE name IN ('Finance Committee','Welfare Committee','President\''s Committee','Public Relations Committee','Organizing Committee','Judicial Committee','Audit Board','Editorial Committee','Electoral Commission','Vetting Committee','Constitutional Amendment Committee') ORDER BY updated_at DESC
MySQL Error: You have an error in your SQL syntax; check the manual that corresponds to your MariaDB server version for the right syntax to use near 's Committee','Public Relations Committee','Organizing Committee','Judicial Co...' at line 1

[2025-07-28 03:20:08] Error: You have an error in your SQL syntax; check the manual that corresponds to your MariaDB server version for the right syntax to use near 's Committee','Public Relations Committee','Organizing Committee','Judicial Co...' at line 1
SQL: SELECT * FROM committees WHERE name IN ('Finance Committee','Welfare Committee','President\''s Committee','Public Relations Committee','Organizing Committee','Judicial Committee','Audit Board','Editorial Committee','Electoral Commission','Vetting Committee','Constitutional Amendment Committee') ORDER BY updated_at DESC
MySQL Error: You have an error in your SQL syntax; check the manual that corresponds to your MariaDB server version for the right syntax to use near 's Committee','Public Relations Committee','Organizing Committee','Judicial Co...' at line 1

[2025-07-29 02:52:24] Error: Table 'src_management_system.user_guide_sections' doesn't exist
SQL: 
        SELECT * FROM user_guide_sections
        WHERE role_access = 'all' AND is_active = 1
        ORDER BY sort_order ASC, title ASC
    
MySQL Error: Table 'src_management_system.user_guide_sections' doesn't exist

[2025-07-29 03:21:27] Error: Table 'src_management_system.user_guide_sections' doesn't exist
SQL: 
        SELECT * FROM user_guide_sections
        WHERE role_access IN ('all', 'member_admin', 'admin_only') AND is_active = 1
        ORDER BY sort_order ASC, title ASC
    
MySQL Error: Table 'src_management_system.user_guide_sections' doesn't exist

[2025-07-29 16:11:24] Error: Table 'src_management_system.user_guide_sections' doesn't exist
SQL: 
        SELECT * FROM user_guide_sections
        WHERE role_access IN ('all', 'member_admin', 'admin_only') AND is_active = 1
        ORDER BY sort_order ASC, title ASC
    
MySQL Error: Table 'src_management_system.user_guide_sections' doesn't exist

[2025-07-30 15:06:38] Error: You have an error in your SQL syntax; check the manual that corresponds to your MariaDB server version for the right syntax to use near 's Committee','Public Relations Committee','Organizing Committee','Judicial Co...' at line 1
SQL: SELECT * FROM committees WHERE name IN ('Finance Committee','Welfare Committee','President\''s Committee','Public Relations Committee','Organizing Committee','Judicial Committee','Audit Board','Editorial Committee','Electoral Commission','Vetting Committee','Constitutional Amendment Committee') ORDER BY updated_at DESC
MySQL Error: You have an error in your SQL syntax; check the manual that corresponds to your MariaDB server version for the right syntax to use near 's Committee','Public Relations Committee','Organizing Committee','Judicial Co...' at line 1

[2025-07-31 01:19:49] Error: You have an error in your SQL syntax; check the manual that corresponds to your MariaDB server version for the right syntax to use near 's Committee','Public Relations Committee','Organizing Committee','Judicial Co...' at line 1
SQL: SELECT * FROM committees WHERE name IN ('Finance Committee','Welfare Committee','President\''s Committee','Public Relations Committee','Organizing Committee','Judicial Committee','Audit Board','Editorial Committee','Electoral Commission','Vetting Committee','Constitutional Amendment Committee') ORDER BY updated_at DESC
MySQL Error: You have an error in your SQL syntax; check the manual that corresponds to your MariaDB server version for the right syntax to use near 's Committee','Public Relations Committee','Organizing Committee','Judicial Co...' at line 1

[2025-07-31 01:39:13] Error: Table 'src_management_system.user_guide_sections' doesn't exist
SQL: 
        SELECT * FROM user_guide_sections
        WHERE role_access IN ('all', 'member_admin', 'admin_only') AND is_active = 1
        ORDER BY sort_order ASC, title ASC
    
MySQL Error: Table 'src_management_system.user_guide_sections' doesn't exist

[2025-07-31 11:16:30] Error: Table 'src_management_system.user_guide_sections' doesn't exist
SQL: 
        SELECT * FROM user_guide_sections
        WHERE role_access IN ('all', 'member_admin', 'admin_only') AND is_active = 1
        ORDER BY sort_order ASC, title ASC
    
MySQL Error: Table 'src_management_system.user_guide_sections' doesn't exist

[2025-07-31 11:22:15] Error: Table 'src_management_system.user_guide_sections' doesn't exist
SQL: 
        SELECT * FROM user_guide_sections
        WHERE role_access IN ('all', 'member_admin', 'admin_only') AND is_active = 1
        ORDER BY sort_order ASC, title ASC
    
MySQL Error: Table 'src_management_system.user_guide_sections' doesn't exist

[2025-07-31 12:34:05] Error: Table 'src_management_system.user_guide_sections' doesn't exist
SQL: 
        SELECT * FROM user_guide_sections
        WHERE role_access IN ('all', 'member_admin', 'admin_only') AND is_active = 1
        ORDER BY sort_order ASC, title ASC
    
MySQL Error: Table 'src_management_system.user_guide_sections' doesn't exist

[2025-07-31 13:19:16] Error: You have an error in your SQL syntax; check the manual that corresponds to your MariaDB server version for the right syntax to use near 's Committee','Public Relations Committee','Organizing Committee','Judicial Co...' at line 1
SQL: SELECT * FROM committees WHERE name IN ('Finance Committee','Welfare Committee','President\''s Committee','Public Relations Committee','Organizing Committee','Judicial Committee','Audit Board','Editorial Committee','Electoral Commission','Vetting Committee','Constitutional Amendment Committee') ORDER BY updated_at DESC
MySQL Error: You have an error in your SQL syntax; check the manual that corresponds to your MariaDB server version for the right syntax to use near 's Committee','Public Relations Committee','Organizing Committee','Judicial Co...' at line 1

[2025-08-11 04:14:22] Error: You have an error in your SQL syntax; check the manual that corresponds to your MariaDB server version for the right syntax to use near 's Committee','Public Relations Committee','Organizing Committee','Judicial Co...' at line 1
SQL: SELECT * FROM committees WHERE name IN ('Finance Committee','Welfare Committee','President\''s Committee','Public Relations Committee','Organizing Committee','Judicial Committee','Audit Board','Editorial Committee','Electoral Commission','Vetting Committee','Constitutional Amendment Committee') ORDER BY updated_at DESC
MySQL Error: You have an error in your SQL syntax; check the manual that corresponds to your MariaDB server version for the right syntax to use near 's Committee','Public Relations Committee','Organizing Committee','Judicial Co...' at line 1

[2025-08-11 15:19:23] Error: You have an error in your SQL syntax; check the manual that corresponds to your MariaDB server version for the right syntax to use near 's Committee','Public Relations Committee','Organizing Committee','Judicial Co...' at line 1
SQL: SELECT * FROM committees WHERE name IN ('Finance Committee','Welfare Committee','President\''s Committee','Public Relations Committee','Organizing Committee','Judicial Committee','Audit Board','Editorial Committee','Electoral Commission','Vetting Committee','Constitutional Amendment Committee') ORDER BY updated_at DESC
MySQL Error: You have an error in your SQL syntax; check the manual that corresponds to your MariaDB server version for the right syntax to use near 's Committee','Public Relations Committee','Organizing Committee','Judicial Co...' at line 1

[2025-08-11 15:53:58] Error: You have an error in your SQL syntax; check the manual that corresponds to your MariaDB server version for the right syntax to use near 's Committee','Public Relations Committee','Organizing Committee','Judicial Co...' at line 1
SQL: SELECT * FROM committees WHERE name IN ('Finance Committee','Welfare Committee','President\''s Committee','Public Relations Committee','Organizing Committee','Judicial Committee','Audit Board','Editorial Committee','Electoral Commission','Vetting Committee','Constitutional Amendment Committee') ORDER BY updated_at DESC
MySQL Error: You have an error in your SQL syntax; check the manual that corresponds to your MariaDB server version for the right syntax to use near 's Committee','Public Relations Committee','Organizing Committee','Judicial Co...' at line 1

[2025-08-14 16:04:11] Error: You have an error in your SQL syntax; check the manual that corresponds to your MariaDB server version for the right syntax to use near 's Committee','Public Relations Committee','Organizing Committee','Judicial Co...' at line 1
SQL: SELECT * FROM committees WHERE name IN ('Finance Committee','Welfare Committee','President\''s Committee','Public Relations Committee','Organizing Committee','Judicial Committee','Audit Board','Editorial Committee','Electoral Commission','Vetting Committee','Constitutional Amendment Committee') ORDER BY updated_at DESC
MySQL Error: You have an error in your SQL syntax; check the manual that corresponds to your MariaDB server version for the right syntax to use near 's Committee','Public Relations Committee','Organizing Committee','Judicial Co...' at line 1

[2025-08-14 16:10:40] Error: Table 'src_management_system.user_guide_sections' doesn't exist
SQL: 
        SELECT * FROM user_guide_sections
        WHERE role_access IN ('all', 'member_admin', 'admin_only') AND is_active = 1
        ORDER BY sort_order ASC, title ASC
    
MySQL Error: Table 'src_management_system.user_guide_sections' doesn't exist

[2025-08-17 01:49:59] Error: You have an error in your SQL syntax; check the manual that corresponds to your MariaDB server version for the right syntax to use near 's Committee','Public Relations Committee','Organizing Committee','Judicial Co...' at line 1
SQL: SELECT * FROM committees WHERE name IN ('Finance Committee','Welfare Committee','President\''s Committee','Public Relations Committee','Organizing Committee','Judicial Committee','Audit Board','Editorial Committee','Electoral Commission','Vetting Committee','Constitutional Amendment Committee') ORDER BY updated_at DESC
MySQL Error: You have an error in your SQL syntax; check the manual that corresponds to your MariaDB server version for the right syntax to use near 's Committee','Public Relations Committee','Organizing Committee','Judicial Co...' at line 1

[2025-08-17 01:52:07] Error: Table 'src_management_system.user_guide_sections' doesn't exist
SQL: 
        SELECT * FROM user_guide_sections
        WHERE role_access IN ('all', 'member_admin', 'admin_only') AND is_active = 1
        ORDER BY sort_order ASC, title ASC
    
MySQL Error: Table 'src_management_system.user_guide_sections' doesn't exist

[2025-09-03 15:29:18] Error: You have an error in your SQL syntax; check the manual that corresponds to your MariaDB server version for the right syntax to use near 's Committee','Public Relations Committee','Organizing Committee','Judicial Co...' at line 1
SQL: SELECT * FROM committees WHERE name IN ('Finance Committee','Welfare Committee','President\''s Committee','Public Relations Committee','Organizing Committee','Judicial Committee','Audit Board','Editorial Committee','Electoral Commission','Vetting Committee','Constitutional Amendment Committee') ORDER BY updated_at DESC
MySQL Error: You have an error in your SQL syntax; check the manual that corresponds to your MariaDB server version for the right syntax to use near 's Committee','Public Relations Committee','Organizing Committee','Judicial Co...' at line 1

[2025-09-04 00:23:38] Error: You have an error in your SQL syntax; check the manual that corresponds to your MariaDB server version for the right syntax to use near 's Committee','Public Relations Committee','Organizing Committee','Judicial Co...' at line 1
SQL: SELECT * FROM committees WHERE name IN ('Finance Committee','Welfare Committee','President\''s Committee','Public Relations Committee','Organizing Committee','Judicial Committee','Audit Board','Editorial Committee','Electoral Commission','Vetting Committee','Constitutional Amendment Committee') ORDER BY updated_at DESC
MySQL Error: You have an error in your SQL syntax; check the manual that corresponds to your MariaDB server version for the right syntax to use near 's Committee','Public Relations Committee','Organizing Committee','Judicial Co...' at line 1

[2025-09-04 01:13:25] Error: Table 'src_management_system.user_guide_sections' doesn't exist
SQL: 
        SELECT * FROM user_guide_sections
        WHERE role_access IN ('all', 'member_admin', 'admin_only') AND is_active = 1
        ORDER BY sort_order ASC, title ASC
    
MySQL Error: Table 'src_management_system.user_guide_sections' doesn't exist

[2025-10-13 15:09:05] Error: You have an error in your SQL syntax; check the manual that corresponds to your MariaDB server version for the right syntax to use near 's Committee','Public Relations Committee','Organizing Committee','Judicial Co...' at line 1
SQL: SELECT * FROM committees WHERE name IN ('Finance Committee','Welfare Committee','President\''s Committee','Public Relations Committee','Organizing Committee','Judicial Committee','Audit Board','Editorial Committee','Electoral Commission','Vetting Committee','Constitutional Amendment Committee') ORDER BY updated_at DESC
MySQL Error: You have an error in your SQL syntax; check the manual that corresponds to your MariaDB server version for the right syntax to use near 's Committee','Public Relations Committee','Organizing Committee','Judicial Co...' at line 1

[2025-10-13 15:13:20] Error: Table 'src_management_system.user_guide_sections' doesn't exist
SQL: 
        SELECT * FROM user_guide_sections
        WHERE role_access IN ('all', 'member_admin', 'admin_only') AND is_active = 1
        ORDER BY sort_order ASC, title ASC
    
MySQL Error: Table 'src_management_system.user_guide_sections' doesn't exist

[2025-10-17 23:49:13] Error: You have an error in your SQL syntax; check the manual that corresponds to your MariaDB server version for the right syntax to use near 's Committee','Public Relations Committee','Organizing Committee','Judicial Co...' at line 1
SQL: SELECT * FROM committees WHERE name IN ('Finance Committee','Welfare Committee','President\''s Committee','Public Relations Committee','Organizing Committee','Judicial Committee','Audit Board','Editorial Committee','Electoral Commission','Vetting Committee','Constitutional Amendment Committee') ORDER BY updated_at DESC
MySQL Error: You have an error in your SQL syntax; check the manual that corresponds to your MariaDB server version for the right syntax to use near 's Committee','Public Relations Committee','Organizing Committee','Judicial Co...' at line 1

[2025-10-20 22:38:25] Error: You have an error in your SQL syntax; check the manual that corresponds to your MariaDB server version for the right syntax to use near 's Committee','Public Relations Committee','Organizing Committee','Judicial Co...' at line 1
SQL: SELECT * FROM committees WHERE name IN ('Finance Committee','Welfare Committee','President\''s Committee','Public Relations Committee','Organizing Committee','Judicial Committee','Audit Board','Editorial Committee','Electoral Commission','Vetting Committee','Constitutional Amendment Committee') ORDER BY updated_at DESC
MySQL Error: You have an error in your SQL syntax; check the manual that corresponds to your MariaDB server version for the right syntax to use near 's Committee','Public Relations Committee','Organizing Committee','Judicial Co...' at line 1

[2025-10-20 22:43:02] Error: You have an error in your SQL syntax; check the manual that corresponds to your MariaDB server version for the right syntax to use near 's Committee','Public Relations Committee','Organizing Committee','Judicial Co...' at line 1
SQL: SELECT * FROM committees WHERE name IN ('Finance Committee','Welfare Committee','President\''s Committee','Public Relations Committee','Organizing Committee','Judicial Committee','Audit Board','Editorial Committee','Electoral Commission','Vetting Committee','Constitutional Amendment Committee') ORDER BY updated_at DESC
MySQL Error: You have an error in your SQL syntax; check the manual that corresponds to your MariaDB server version for the right syntax to use near 's Committee','Public Relations Committee','Organizing Committee','Judicial Co...' at line 1

[2025-10-21 18:29:40] Error: Unknown column 'username' in 'field list'
SQL: SELECT user_id, username, email, first_name, last_name, role, status, password, profile_picture FROM users WHERE email = ? AND status = 'active' LIMIT 1
Params: ["superadmin@vvusrc.edu.gh"]
MySQL Error: Unknown column 'username' in 'field list'

[2025-10-21 18:30:05] Error: Unknown column 'username' in 'field list'
SQL: SELECT user_id, username, email, first_name, last_name, role, status, password, profile_picture FROM users WHERE email = ? AND status = 'active' LIMIT 1
Params: ["superadmin@vvusrc.edu.gh"]
MySQL Error: Unknown column 'username' in 'field list'

[2025-10-21 19:04:17] Error: Table 'vvusrc.settings' doesn't exist
SQL: SELECT setting_value FROM settings WHERE setting_key = ?
Params: ["site_name"]
MySQL Error: Table 'vvusrc.settings' doesn't exist

[2025-10-21 19:04:17] Error: Table 'vvusrc.settings' doesn't exist
SQL: SELECT setting_value FROM settings WHERE setting_key = ?
Params: ["logo_type"]
MySQL Error: Table 'vvusrc.settings' doesn't exist

[2025-10-21 19:04:35] Error: Table 'vvusrc.settings' doesn't exist
SQL: SELECT setting_value FROM settings WHERE setting_key = ?
Params: ["site_name"]
MySQL Error: Table 'vvusrc.settings' doesn't exist

[2025-10-21 19:04:35] Error: Table 'vvusrc.settings' doesn't exist
SQL: SELECT setting_value FROM settings WHERE setting_key = ?
Params: ["logo_type"]
MySQL Error: Table 'vvusrc.settings' doesn't exist

[2025-10-21 19:09:50] Error: Table 'vvusrc.settings' doesn't exist
SQL: SELECT setting_value FROM settings WHERE setting_key = ?
Params: ["site_name"]
MySQL Error: Table 'vvusrc.settings' doesn't exist

[2025-10-21 19:09:50] Error: Table 'vvusrc.settings' doesn't exist
SQL: SELECT setting_value FROM settings WHERE setting_key = ?
Params: ["logo_type"]
MySQL Error: Table 'vvusrc.settings' doesn't exist

[2025-10-23 18:36:18] Error: You have an error in your SQL syntax; check the manual that corresponds to your MariaDB server version for the right syntax to use near 's Committee','Public Relations Committee','Organizing Committee','Judicial Co...' at line 1
SQL: SELECT * FROM committees WHERE name IN ('Finance Committee','Welfare Committee','President\''s Committee','Public Relations Committee','Organizing Committee','Judicial Committee','Audit Board','Editorial Committee','Electoral Commission','Vetting Committee','Constitutional Amendment Committee') ORDER BY updated_at DESC
MySQL Error: You have an error in your SQL syntax; check the manual that corresponds to your MariaDB server version for the right syntax to use near 's Committee','Public Relations Committee','Organizing Committee','Judicial Co...' at line 1

[2025-10-23 21:10:09] Error: You have an error in your SQL syntax; check the manual that corresponds to your MariaDB server version for the right syntax to use near 's Committee','Public Relations Committee','Organizing Committee','Judicial Co...' at line 1
SQL: SELECT * FROM committees WHERE name IN ('Finance Committee','Welfare Committee','President\''s Committee','Public Relations Committee','Organizing Committee','Judicial Committee','Audit Board','Editorial Committee','Electoral Commission','Vetting Committee','Constitutional Amendment Committee') ORDER BY updated_at DESC
MySQL Error: You have an error in your SQL syntax; check the manual that corresponds to your MariaDB server version for the right syntax to use near 's Committee','Public Relations Committee','Organizing Committee','Judicial Co...' at line 1

[2025-10-23 21:11:33] Error: You have an error in your SQL syntax; check the manual that corresponds to your MariaDB server version for the right syntax to use near 's Committee','Public Relations Committee','Organizing Committee','Judicial Co...' at line 1
SQL: SELECT * FROM committees WHERE name IN ('Finance Committee','Welfare Committee','President\''s Committee','Public Relations Committee','Organizing Committee','Judicial Committee','Audit Board','Editorial Committee','Electoral Commission','Vetting Committee','Constitutional Amendment Committee') ORDER BY updated_at DESC
MySQL Error: You have an error in your SQL syntax; check the manual that corresponds to your MariaDB server version for the right syntax to use near 's Committee','Public Relations Committee','Organizing Committee','Judicial Co...' at line 1

[2025-10-23 21:14:36] Error: You have an error in your SQL syntax; check the manual that corresponds to your MariaDB server version for the right syntax to use near 's Committee','Public Relations Committee','Organizing Committee','Judicial Co...' at line 1
SQL: SELECT * FROM committees WHERE name IN ('Finance Committee','Welfare Committee','President\''s Committee','Public Relations Committee','Organizing Committee','Judicial Committee','Audit Board','Editorial Committee','Electoral Commission','Vetting Committee','Constitutional Amendment Committee') ORDER BY updated_at DESC
MySQL Error: You have an error in your SQL syntax; check the manual that corresponds to your MariaDB server version for the right syntax to use near 's Committee','Public Relations Committee','Organizing Committee','Judicial Co...' at line 1

[2025-10-23 21:15:41] Error: You have an error in your SQL syntax; check the manual that corresponds to your MariaDB server version for the right syntax to use near 's Committee','Public Relations Committee','Organizing Committee','Judicial Co...' at line 1
SQL: SELECT * FROM committees WHERE name IN ('Finance Committee','Welfare Committee','President\''s Committee','Public Relations Committee','Organizing Committee','Judicial Committee','Audit Board','Editorial Committee','Electoral Commission','Vetting Committee','Constitutional Amendment Committee') ORDER BY updated_at DESC
MySQL Error: You have an error in your SQL syntax; check the manual that corresponds to your MariaDB server version for the right syntax to use near 's Committee','Public Relations Committee','Organizing Committee','Judicial Co...' at line 1

[2025-10-23 21:51:07] Error: You have an error in your SQL syntax; check the manual that corresponds to your MariaDB server version for the right syntax to use near 's Committee','Public Relations Committee','Organizing Committee','Judicial Co...' at line 1
SQL: SELECT * FROM committees WHERE name IN ('Finance Committee','Welfare Committee','President\''s Committee','Public Relations Committee','Organizing Committee','Judicial Committee','Audit Board','Editorial Committee','Electoral Commission','Vetting Committee','Constitutional Amendment Committee') ORDER BY updated_at DESC
MySQL Error: You have an error in your SQL syntax; check the manual that corresponds to your MariaDB server version for the right syntax to use near 's Committee','Public Relations Committee','Organizing Committee','Judicial Co...' at line 1

[2025-11-09 21:26:21] Error: Table 'src_management_system.user_guide_sections' doesn't exist
SQL: 
        SELECT * FROM user_guide_sections
        WHERE role_access IN ('all', 'member_admin', 'admin_only') AND is_active = 1
        ORDER BY sort_order ASC, title ASC
    
MySQL Error: Table 'src_management_system.user_guide_sections' doesn't exist

[2025-11-11 23:18:01] Error: You have an error in your SQL syntax; check the manual that corresponds to your MariaDB server version for the right syntax to use near 's Committee','Public Relations Committee','Organizing Committee','Judicial Co...' at line 1
SQL: SELECT * FROM committees WHERE name IN ('Finance Committee','Welfare Committee','President\''s Committee','Public Relations Committee','Organizing Committee','Judicial Committee','Audit Board','Editorial Committee','Electoral Commission','Vetting Committee','Constitutional Amendment Committee') ORDER BY updated_at DESC
MySQL Error: You have an error in your SQL syntax; check the manual that corresponds to your MariaDB server version for the right syntax to use near 's Committee','Public Relations Committee','Organizing Committee','Judicial Co...' at line 1

[2025-11-13 14:56:40] Error: You have an error in your SQL syntax; check the manual that corresponds to your MariaDB server version for the right syntax to use near 's Committee','Public Relations Committee','Organizing Committee','Judicial Co...' at line 1
SQL: SELECT * FROM committees WHERE name IN ('Finance Committee','Welfare Committee','President\''s Committee','Public Relations Committee','Organizing Committee','Judicial Committee','Audit Board','Editorial Committee','Electoral Commission','Vetting Committee','Constitutional Amendment Committee') ORDER BY updated_at DESC
MySQL Error: You have an error in your SQL syntax; check the manual that corresponds to your MariaDB server version for the right syntax to use near 's Committee','Public Relations Committee','Organizing Committee','Judicial Co...' at line 1

[2025-11-13 15:58:05] Error: Table 'src_management_system.user_guide_sections' doesn't exist
SQL: 
        SELECT * FROM user_guide_sections
        WHERE role_access IN ('all', 'member_admin', 'admin_only') AND is_active = 1
        ORDER BY sort_order ASC, title ASC
    
MySQL Error: Table 'src_management_system.user_guide_sections' doesn't exist

[2025-11-15 20:47:53] Error: Table 'src_management_system.user_guide_sections' doesn't exist
SQL: 
        SELECT * FROM user_guide_sections
        WHERE role_access IN ('all', 'member_admin', 'admin_only') AND is_active = 1
        ORDER BY sort_order ASC, title ASC
    
MySQL Error: Table 'src_management_system.user_guide_sections' doesn't exist

[2025-11-15 23:04:32] Error: You have an error in your SQL syntax; check the manual that corresponds to your MariaDB server version for the right syntax to use near 's Committee','Public Relations Committee','Organizing Committee','Judicial Co...' at line 1
SQL: SELECT * FROM committees WHERE name IN ('Finance Committee','Welfare Committee','President\''s Committee','Public Relations Committee','Organizing Committee','Judicial Committee','Audit Board','Editorial Committee','Electoral Commission','Vetting Committee','Constitutional Amendment Committee') ORDER BY updated_at DESC
MySQL Error: You have an error in your SQL syntax; check the manual that corresponds to your MariaDB server version for the right syntax to use near 's Committee','Public Relations Committee','Organizing Committee','Judicial Co...' at line 1

[2025-11-16 00:22:32] Error: You have an error in your SQL syntax; check the manual that corresponds to your MariaDB server version for the right syntax to use near 's Committee','Public Relations Committee','Organizing Committee','Judicial Co...' at line 1
SQL: SELECT * FROM committees WHERE name IN ('Finance Committee','Welfare Committee','President\''s Committee','Public Relations Committee','Organizing Committee','Judicial Committee','Audit Board','Editorial Committee','Electoral Commission','Vetting Committee','Constitutional Amendment Committee') ORDER BY updated_at DESC
MySQL Error: You have an error in your SQL syntax; check the manual that corresponds to your MariaDB server version for the right syntax to use near 's Committee','Public Relations Committee','Organizing Committee','Judicial Co...' at line 1

[2025-11-16 09:47:34] Error: You have an error in your SQL syntax; check the manual that corresponds to your MariaDB server version for the right syntax to use near 's Committee','Public Relations Committee','Organizing Committee','Judicial Co...' at line 1
SQL: SELECT * FROM committees WHERE name IN ('Finance Committee','Welfare Committee','President\''s Committee','Public Relations Committee','Organizing Committee','Judicial Committee','Audit Board','Editorial Committee','Electoral Commission','Vetting Committee','Constitutional Amendment Committee') ORDER BY updated_at DESC
MySQL Error: You have an error in your SQL syntax; check the manual that corresponds to your MariaDB server version for the right syntax to use near 's Committee','Public Relations Committee','Organizing Committee','Judicial Co...' at line 1

[2025-11-17 17:08:18] Error: You have an error in your SQL syntax; check the manual that corresponds to your MariaDB server version for the right syntax to use near 's Committee','Public Relations Committee','Organizing Committee','Judicial Co...' at line 1
SQL: SELECT * FROM committees WHERE name IN ('Finance Committee','Welfare Committee','President\''s Committee','Public Relations Committee','Organizing Committee','Judicial Committee','Audit Board','Editorial Committee','Electoral Commission','Vetting Committee','Constitutional Amendment Committee') ORDER BY updated_at DESC
MySQL Error: You have an error in your SQL syntax; check the manual that corresponds to your MariaDB server version for the right syntax to use near 's Committee','Public Relations Committee','Organizing Committee','Judicial Co...' at line 1

[2025-11-17 17:21:51] Error: You have an error in your SQL syntax; check the manual that corresponds to your MariaDB server version for the right syntax to use near 's Committee','Public Relations Committee','Organizing Committee','Judicial Co...' at line 1
SQL: SELECT * FROM committees WHERE name IN ('Finance Committee','Welfare Committee','President\''s Committee','Public Relations Committee','Organizing Committee','Judicial Committee','Audit Board','Editorial Committee','Electoral Commission','Vetting Committee','Constitutional Amendment Committee') ORDER BY updated_at DESC
MySQL Error: You have an error in your SQL syntax; check the manual that corresponds to your MariaDB server version for the right syntax to use near 's Committee','Public Relations Committee','Organizing Committee','Judicial Co...' at line 1

[2025-11-17 18:05:16] Error: You have an error in your SQL syntax; check the manual that corresponds to your MariaDB server version for the right syntax to use near 's Committee','Public Relations Committee','Organizing Committee','Judicial Co...' at line 1
SQL: SELECT * FROM committees WHERE name IN ('Finance Committee','Welfare Committee','President\''s Committee','Public Relations Committee','Organizing Committee','Judicial Committee','Audit Board','Editorial Committee','Electoral Commission','Vetting Committee','Constitutional Amendment Committee') ORDER BY updated_at DESC
MySQL Error: You have an error in your SQL syntax; check the manual that corresponds to your MariaDB server version for the right syntax to use near 's Committee','Public Relations Committee','Organizing Committee','Judicial Co...' at line 1

[2025-11-17 18:11:36] Error: You have an error in your SQL syntax; check the manual that corresponds to your MariaDB server version for the right syntax to use near 's Committee','Public Relations Committee','Organizing Committee','Judicial Co...' at line 1
SQL: SELECT * FROM committees WHERE name IN ('Finance Committee','Welfare Committee','President\''s Committee','Public Relations Committee','Organizing Committee','Judicial Committee','Audit Board','Editorial Committee','Electoral Commission','Vetting Committee','Constitutional Amendment Committee') ORDER BY updated_at DESC
MySQL Error: You have an error in your SQL syntax; check the manual that corresponds to your MariaDB server version for the right syntax to use near 's Committee','Public Relations Committee','Organizing Committee','Judicial Co...' at line 1

[2025-11-17 18:11:52] Error: You have an error in your SQL syntax; check the manual that corresponds to your MariaDB server version for the right syntax to use near 's Committee','Public Relations Committee','Organizing Committee','Judicial Co...' at line 1
SQL: SELECT * FROM committees WHERE name IN ('Finance Committee','Welfare Committee','President\''s Committee','Public Relations Committee','Organizing Committee','Judicial Committee','Audit Board','Editorial Committee','Electoral Commission','Vetting Committee','Constitutional Amendment Committee') ORDER BY updated_at DESC
MySQL Error: You have an error in your SQL syntax; check the manual that corresponds to your MariaDB server version for the right syntax to use near 's Committee','Public Relations Committee','Organizing Committee','Judicial Co...' at line 1

[2025-11-17 18:14:08] Error: Table 'src_management_system.user_guide_sections' doesn't exist
SQL: 
        SELECT * FROM user_guide_sections
        WHERE role_access IN ('all', 'member_admin', 'admin_only') AND is_active = 1
        ORDER BY sort_order ASC, title ASC
    
MySQL Error: Table 'src_management_system.user_guide_sections' doesn't exist

[2025-11-17 23:13:51] Error: Table 'src_management_system.user_guide_sections' doesn't exist
SQL: 
        SELECT * FROM user_guide_sections
        WHERE role_access = 'all' AND is_active = 1
        ORDER BY sort_order ASC, title ASC
    
MySQL Error: Table 'src_management_system.user_guide_sections' doesn't exist

[2025-11-18 00:44:46] Error: You have an error in your SQL syntax; check the manual that corresponds to your MariaDB server version for the right syntax to use near 's Committee','Public Relations Committee','Organizing Committee','Judicial Co...' at line 1
SQL: SELECT * FROM committees WHERE name IN ('Finance Committee','Welfare Committee','President\''s Committee','Public Relations Committee','Organizing Committee','Judicial Committee','Audit Board','Editorial Committee','Electoral Commission','Vetting Committee','Constitutional Amendment Committee') ORDER BY updated_at DESC
MySQL Error: You have an error in your SQL syntax; check the manual that corresponds to your MariaDB server version for the right syntax to use near 's Committee','Public Relations Committee','Organizing Committee','Judicial Co...' at line 1

[2025-11-18 01:09:57] Error: You have an error in your SQL syntax; check the manual that corresponds to your MariaDB server version for the right syntax to use near 's Committee','Public Relations Committee','Organizing Committee','Judicial Co...' at line 1
SQL: SELECT * FROM committees WHERE name IN ('Finance Committee','Welfare Committee','President\''s Committee','Public Relations Committee','Organizing Committee','Judicial Committee','Audit Board','Editorial Committee','Electoral Commission','Vetting Committee','Constitutional Amendment Committee') ORDER BY updated_at DESC
MySQL Error: You have an error in your SQL syntax; check the manual that corresponds to your MariaDB server version for the right syntax to use near 's Committee','Public Relations Committee','Organizing Committee','Judicial Co...' at line 1

[2025-11-18 01:10:23] Error: You have an error in your SQL syntax; check the manual that corresponds to your MariaDB server version for the right syntax to use near 's Committee','Public Relations Committee','Organizing Committee','Judicial Co...' at line 1
SQL: SELECT * FROM committees WHERE name IN ('Finance Committee','Welfare Committee','President\''s Committee','Public Relations Committee','Organizing Committee','Judicial Committee','Audit Board','Editorial Committee','Electoral Commission','Vetting Committee','Constitutional Amendment Committee') ORDER BY updated_at DESC
MySQL Error: You have an error in your SQL syntax; check the manual that corresponds to your MariaDB server version for the right syntax to use near 's Committee','Public Relations Committee','Organizing Committee','Judicial Co...' at line 1

[2025-11-18 01:10:35] Error: You have an error in your SQL syntax; check the manual that corresponds to your MariaDB server version for the right syntax to use near 's Committee','Public Relations Committee','Organizing Committee','Judicial Co...' at line 1
SQL: SELECT * FROM committees WHERE name IN ('Finance Committee','Welfare Committee','President\''s Committee','Public Relations Committee','Organizing Committee','Judicial Committee','Audit Board','Editorial Committee','Electoral Commission','Vetting Committee','Constitutional Amendment Committee') ORDER BY updated_at DESC
MySQL Error: You have an error in your SQL syntax; check the manual that corresponds to your MariaDB server version for the right syntax to use near 's Committee','Public Relations Committee','Organizing Committee','Judicial Co...' at line 1

[2025-11-18 07:40:51] Error: You have an error in your SQL syntax; check the manual that corresponds to your MariaDB server version for the right syntax to use near 's Committee','Public Relations Committee','Organizing Committee','Judicial Co...' at line 1
SQL: SELECT * FROM committees WHERE name IN ('Finance Committee','Welfare Committee','President\''s Committee','Public Relations Committee','Organizing Committee','Judicial Committee','Audit Board','Editorial Committee','Electoral Commission','Vetting Committee','Constitutional Amendment Committee') ORDER BY updated_at DESC
MySQL Error: You have an error in your SQL syntax; check the manual that corresponds to your MariaDB server version for the right syntax to use near 's Committee','Public Relations Committee','Organizing Committee','Judicial Co...' at line 1

[2025-11-18 17:47:58] Error: You have an error in your SQL syntax; check the manual that corresponds to your MariaDB server version for the right syntax to use near 's Committee','Public Relations Committee','Organizing Committee','Judicial Co...' at line 1
SQL: SELECT * FROM committees WHERE name IN ('Finance Committee','Welfare Committee','President\''s Committee','Public Relations Committee','Organizing Committee','Judicial Committee','Audit Board','Editorial Committee','Electoral Commission','Vetting Committee','Constitutional Amendment Committee') ORDER BY updated_at DESC
MySQL Error: You have an error in your SQL syntax; check the manual that corresponds to your MariaDB server version for the right syntax to use near 's Committee','Public Relations Committee','Organizing Committee','Judicial Co...' at line 1

[2025-11-18 17:53:09] Error: You have an error in your SQL syntax; check the manual that corresponds to your MariaDB server version for the right syntax to use near 's Committee','Public Relations Committee','Organizing Committee','Judicial Co...' at line 1
SQL: SELECT * FROM committees WHERE name IN ('Finance Committee','Welfare Committee','President\''s Committee','Public Relations Committee','Organizing Committee','Judicial Committee','Audit Board','Editorial Committee','Electoral Commission','Vetting Committee','Constitutional Amendment Committee') ORDER BY updated_at DESC
MySQL Error: You have an error in your SQL syntax; check the manual that corresponds to your MariaDB server version for the right syntax to use near 's Committee','Public Relations Committee','Organizing Committee','Judicial Co...' at line 1

[2025-11-18 17:56:11] Error: You have an error in your SQL syntax; check the manual that corresponds to your MariaDB server version for the right syntax to use near 's Committee','Public Relations Committee','Organizing Committee','Judicial Co...' at line 1
SQL: SELECT * FROM committees WHERE name IN ('Finance Committee','Welfare Committee','President\''s Committee','Public Relations Committee','Organizing Committee','Judicial Committee','Audit Board','Editorial Committee','Electoral Commission','Vetting Committee','Constitutional Amendment Committee') ORDER BY updated_at DESC
MySQL Error: You have an error in your SQL syntax; check the manual that corresponds to your MariaDB server version for the right syntax to use near 's Committee','Public Relations Committee','Organizing Committee','Judicial Co...' at line 1

[2025-11-18 17:58:07] Error: You have an error in your SQL syntax; check the manual that corresponds to your MariaDB server version for the right syntax to use near 's Committee','Public Relations Committee','Organizing Committee','Judicial Co...' at line 1
SQL: SELECT * FROM committees WHERE name IN ('Finance Committee','Welfare Committee','President\''s Committee','Public Relations Committee','Organizing Committee','Judicial Committee','Audit Board','Editorial Committee','Electoral Commission','Vetting Committee','Constitutional Amendment Committee') ORDER BY updated_at DESC
MySQL Error: You have an error in your SQL syntax; check the manual that corresponds to your MariaDB server version for the right syntax to use near 's Committee','Public Relations Committee','Organizing Committee','Judicial Co...' at line 1

[2025-11-18 17:58:15] Error: You have an error in your SQL syntax; check the manual that corresponds to your MariaDB server version for the right syntax to use near 's Committee','Public Relations Committee','Organizing Committee','Judicial Co...' at line 1
SQL: SELECT * FROM committees WHERE name IN ('Finance Committee','Welfare Committee','President\''s Committee','Public Relations Committee','Organizing Committee','Judicial Committee','Audit Board','Editorial Committee','Electoral Commission','Vetting Committee','Constitutional Amendment Committee') ORDER BY updated_at DESC
MySQL Error: You have an error in your SQL syntax; check the manual that corresponds to your MariaDB server version for the right syntax to use near 's Committee','Public Relations Committee','Organizing Committee','Judicial Co...' at line 1

[2025-11-18 19:20:51] Error: You have an error in your SQL syntax; check the manual that corresponds to your MariaDB server version for the right syntax to use near 's Committee','Public Relations Committee','Organizing Committee','Judicial Co...' at line 1
SQL: SELECT * FROM committees WHERE name IN ('Finance Committee','Welfare Committee','President\''s Committee','Public Relations Committee','Organizing Committee','Judicial Committee','Audit Board','Editorial Committee','Electoral Commission','Vetting Committee','Constitutional Amendment Committee') ORDER BY updated_at DESC
MySQL Error: You have an error in your SQL syntax; check the manual that corresponds to your MariaDB server version for the right syntax to use near 's Committee','Public Relations Committee','Organizing Committee','Judicial Co...' at line 1

[2025-11-18 19:54:21] Error: You have an error in your SQL syntax; check the manual that corresponds to your MariaDB server version for the right syntax to use near 's Committee','Public Relations Committee','Organizing Committee','Judicial Co...' at line 1
SQL: SELECT * FROM committees WHERE name IN ('Finance Committee','Welfare Committee','President\''s Committee','Public Relations Committee','Organizing Committee','Judicial Committee','Audit Board','Editorial Committee','Electoral Commission','Vetting Committee','Constitutional Amendment Committee') ORDER BY updated_at DESC
MySQL Error: You have an error in your SQL syntax; check the manual that corresponds to your MariaDB server version for the right syntax to use near 's Committee','Public Relations Committee','Organizing Committee','Judicial Co...' at line 1

[2025-11-18 22:07:21] Error: Table 'src_management_system.user_guide_sections' doesn't exist
SQL: 
        SELECT * FROM user_guide_sections
        WHERE role_access IN ('all', 'member_admin', 'admin_only') AND is_active = 1
        ORDER BY sort_order ASC, title ASC
    
MySQL Error: Table 'src_management_system.user_guide_sections' doesn't exist

[2025-11-18 22:16:49] Error: Table 'src_management_system.user_guide_sections' doesn't exist
SQL: 
        SELECT * FROM user_guide_sections
        WHERE role_access = 'all' AND is_active = 1
        ORDER BY sort_order ASC, title ASC
    
MySQL Error: Table 'src_management_system.user_guide_sections' doesn't exist

[2025-11-19 00:40:13] Error: Unknown column 'is_default_password' in 'field list'
SQL: SELECT user_id, username, email, first_name, last_name, role, status, password, profile_picture, is_default_password FROM users WHERE email = ? AND status = 'active' LIMIT 1
Params: ["superadmin@vvusrc.edu.gh"]
MySQL Error: Unknown column 'is_default_password' in 'field list'

[2025-11-19 00:41:28] Error: Unknown column 'is_default_password' in 'field list'
SQL: SELECT user_id, username, email, first_name, last_name, role, status, password, profile_picture, is_default_password FROM users WHERE email = ? AND status = 'active' LIMIT 1
Params: ["superadmin@vvusrc.edu.gh"]
MySQL Error: Unknown column 'is_default_password' in 'field list'

[2025-11-19 01:07:34] Error: Unknown column 'is_default_password' in 'field list'
SQL: INSERT INTO users (username, password, is_default_password, email, first_name, last_name, role, phone, status, created_at) 
                VALUES (?, ?, 1, ?, ?, ?, ?, ?, 'active', NOW())
Params: ["kwame","$2y$10$bqzfARZ6sfhMtBA2cBsuFOpf9ZpibdBF\/lHVaeQuE3Ia.sAxjP5p6","kwame.owusu@example.com","Kwame","Owusu","member","0241234567"]
MySQL Error: Unknown column 'is_default_password' in 'field list'

[2025-11-19 01:07:34] Error: Unknown column 'is_default_password' in 'field list'
SQL: INSERT INTO users (username, password, is_default_password, email, first_name, last_name, role, phone, status, created_at) 
                VALUES (?, ?, 1, ?, ?, ?, ?, ?, 'active', NOW())
Params: ["kwaku","$2y$10$lFUfQO4VOqOPHA4JT4Xs7uN2EDgsZWapvzfelusRmiVHzCBv8sYZm","kwaku.yeboah@example.com","Kwaku","Yeboah","student","0241234568"]
MySQL Error: Unknown column 'is_default_password' in 'field list'

[2025-11-19 01:07:34] Error: Unknown column 'is_default_password' in 'field list'
SQL: INSERT INTO users (username, password, is_default_password, email, first_name, last_name, role, phone, status, created_at) 
                VALUES (?, ?, 1, ?, ?, ?, ?, ?, 'active', NOW())
Params: ["kwesi","$2y$10$dkAJPjpT6psZEcZOaBLrgekK7GUK.CxaYRjtaIGvaq16rzsTrDfS6","kwesi.amoah@example.com","Kwesi","Amoah","member","0241234569"]
MySQL Error: Unknown column 'is_default_password' in 'field list'

[2025-11-19 01:07:34] Error: Unknown column 'is_default_password' in 'field list'
SQL: INSERT INTO users (username, password, is_default_password, email, first_name, last_name, role, phone, status, created_at) 
                VALUES (?, ?, 1, ?, ?, ?, ?, ?, 'active', NOW())
Params: ["ama","$2y$10$mXpPZVZvroD57uPW80nss.Xr\/QHeHgwryK50sP0H6EOAITrRbXVhq","ama.homeda@example.com","Ama","Homeda","student","0241234570"]
MySQL Error: Unknown column 'is_default_password' in 'field list'

[2025-11-19 01:07:54] Error: Unknown column 'is_default_password' in 'field list'
SQL: INSERT INTO users (username, password, is_default_password, email, first_name, last_name, role, phone, status, created_at) 
                VALUES (?, ?, 1, ?, ?, ?, ?, ?, 'active', NOW())
Params: ["kwame","$2y$10$ORvwuv5aTtECiTcKXhQpm.IKPm8IGYYqOUu9w1I5oTnjOckvJjr8S","kwame.owusu@example.com","Kwame","Owusu","member","0241234567"]
MySQL Error: Unknown column 'is_default_password' in 'field list'

[2025-11-19 01:07:54] Error: Unknown column 'is_default_password' in 'field list'
SQL: INSERT INTO users (username, password, is_default_password, email, first_name, last_name, role, phone, status, created_at) 
                VALUES (?, ?, 1, ?, ?, ?, ?, ?, 'active', NOW())
Params: ["kwaku","$2y$10$n4lVceoe2.wHpWH5m19Ir.pH492SkCCokabW9oQkLmrn9caj8zHci","kwaku.yeboah@example.com","Kwaku","Yeboah","student","0241234568"]
MySQL Error: Unknown column 'is_default_password' in 'field list'

[2025-11-19 01:07:54] Error: Unknown column 'is_default_password' in 'field list'
SQL: INSERT INTO users (username, password, is_default_password, email, first_name, last_name, role, phone, status, created_at) 
                VALUES (?, ?, 1, ?, ?, ?, ?, ?, 'active', NOW())
Params: ["kwesi","$2y$10$v52NjYE4kLPnTVr9pLN3yuu\/clHcqvsVa32ZExsmkexXsWNOIHrwi","kwesi.amoah@example.com","Kwesi","Amoah","member","0241234569"]
MySQL Error: Unknown column 'is_default_password' in 'field list'

[2025-11-19 01:07:54] Error: Unknown column 'is_default_password' in 'field list'
SQL: INSERT INTO users (username, password, is_default_password, email, first_name, last_name, role, phone, status, created_at) 
                VALUES (?, ?, 1, ?, ?, ?, ?, ?, 'active', NOW())
Params: ["ama","$2y$10$VHtOty06mF2D8Q967N9J6OFZ9RNuSjANdzxLJ586iU8aBV\/FBwtGm","ama.homeda@example.com","Ama","Homeda","student","0241234570"]
MySQL Error: Unknown column 'is_default_password' in 'field list'

[2025-11-19 01:08:13] Error: Unknown column 'is_default_password' in 'field list'
SQL: INSERT INTO users (username, password, is_default_password, email, first_name, last_name, role, phone, status, created_at) 
                VALUES (?, ?, 1, ?, ?, ?, ?, ?, 'active', NOW())
Params: ["kwame","$2y$10$8cwwuB67yr1AiWxmI8lkN.vAuLhPfMgcgpMUI8HoOUFbRbTc77sFW","kwame.owusu@example.com","Kwame","Owusu","member","0241234567"]
MySQL Error: Unknown column 'is_default_password' in 'field list'

[2025-11-19 01:08:13] Error: Unknown column 'is_default_password' in 'field list'
SQL: INSERT INTO users (username, password, is_default_password, email, first_name, last_name, role, phone, status, created_at) 
                VALUES (?, ?, 1, ?, ?, ?, ?, ?, 'active', NOW())
Params: ["kwaku","$2y$10$dk2SGaU.zEtphWoz9iSooOFHvrFS6CkNa6RpgnaoZ49d\/tePjGg2a","kwaku.yeboah@example.com","Kwaku","Yeboah","student","0241234568"]
MySQL Error: Unknown column 'is_default_password' in 'field list'

[2025-11-19 01:08:13] Error: Unknown column 'is_default_password' in 'field list'
SQL: INSERT INTO users (username, password, is_default_password, email, first_name, last_name, role, phone, status, created_at) 
                VALUES (?, ?, 1, ?, ?, ?, ?, ?, 'active', NOW())
Params: ["kwesi","$2y$10$Pqsmt0WQVp7IVDjktP6dT.sNIWVgASpppj5PwRNm\/4j\/6xqc\/qM.u","kwesi.amoah@example.com","Kwesi","Amoah","member","0241234569"]
MySQL Error: Unknown column 'is_default_password' in 'field list'

[2025-11-19 01:08:13] Error: Unknown column 'is_default_password' in 'field list'
SQL: INSERT INTO users (username, password, is_default_password, email, first_name, last_name, role, phone, status, created_at) 
                VALUES (?, ?, 1, ?, ?, ?, ?, ?, 'active', NOW())
Params: ["ama","$2y$10$.QDWzHr8n40yvv.RwgYvA.8tgjLRZpuuHAqBVjPu9vCDMMLOugWXy","ama.homeda@example.com","Ama","Homeda","student","0241234570"]
MySQL Error: Unknown column 'is_default_password' in 'field list'

[2025-11-19 01:08:32] Error: Unknown column 'is_default_password' in 'field list'
SQL: INSERT INTO users (username, password, is_default_password, email, first_name, last_name, role, phone, status, created_at) 
                VALUES (?, ?, 1, ?, ?, ?, ?, ?, 'active', NOW())
Params: ["kwame","$2y$10$WDXSrtWtV5bKp.CsoQElneSxqUgHc30LclyminZHBtezxnbnlCImy","kwame.owusu@example.com","Kwame","Owusu","member","0241234567"]
MySQL Error: Unknown column 'is_default_password' in 'field list'

[2025-11-19 01:08:32] Error: Unknown column 'is_default_password' in 'field list'
SQL: INSERT INTO users (username, password, is_default_password, email, first_name, last_name, role, phone, status, created_at) 
                VALUES (?, ?, 1, ?, ?, ?, ?, ?, 'active', NOW())
Params: ["kwaku","$2y$10$WSJ2HM4.X66HLujpCkMjJuKgeJ1kOie9reSI1nIBirlI55pe74Mqy","kwaku.yeboah@example.com","Kwaku","Yeboah","student","0241234568"]
MySQL Error: Unknown column 'is_default_password' in 'field list'

[2025-11-19 01:08:32] Error: Unknown column 'is_default_password' in 'field list'
SQL: INSERT INTO users (username, password, is_default_password, email, first_name, last_name, role, phone, status, created_at) 
                VALUES (?, ?, 1, ?, ?, ?, ?, ?, 'active', NOW())
Params: ["kwesi","$2y$10$0JVCUh9sNgbUBNHuAA99VeRhDtsd4Z4Ve567Uz1tPoJLX4i7ijIYG","kwesi.amoah@example.com","Kwesi","Amoah","member","0241234569"]
MySQL Error: Unknown column 'is_default_password' in 'field list'

[2025-11-19 01:08:32] Error: Unknown column 'is_default_password' in 'field list'
SQL: INSERT INTO users (username, password, is_default_password, email, first_name, last_name, role, phone, status, created_at) 
                VALUES (?, ?, 1, ?, ?, ?, ?, ?, 'active', NOW())
Params: ["ama","$2y$10$WilNSixHKpyAqZolMmY02ekN9RTtqC1Zf1jfhT8pCJxoQ1vUFYaQm","ama.homeda@example.com","Ama","Homeda","student","0241234570"]
MySQL Error: Unknown column 'is_default_password' in 'field list'

[2025-11-19 01:08:49] Error: Unknown column 'is_default_password' in 'field list'
SQL: INSERT INTO users (username, password, is_default_password, email, first_name, last_name, role, phone, status, created_at) 
                VALUES (?, ?, 1, ?, ?, ?, ?, ?, 'active', NOW())
Params: ["kwame","$2y$10$w0rzHKV5hxGzKQAIiqVMRuvs\/xiHTjQ8gtzcDV1JnN7v9mcbSICoO","kwame.owusu@example.com","Kwame","Owusu","member","0241234567"]
MySQL Error: Unknown column 'is_default_password' in 'field list'

[2025-11-19 01:08:49] Error: Unknown column 'is_default_password' in 'field list'
SQL: INSERT INTO users (username, password, is_default_password, email, first_name, last_name, role, phone, status, created_at) 
                VALUES (?, ?, 1, ?, ?, ?, ?, ?, 'active', NOW())
Params: ["kwaku","$2y$10$TBHLJ1tckC6NjaWHzYjVAuXWwkFZBMoojHL6cZJkQV4UQwls87Rge","kwaku.yeboah@example.com","Kwaku","Yeboah","student","0241234568"]
MySQL Error: Unknown column 'is_default_password' in 'field list'

[2025-11-19 01:08:49] Error: Unknown column 'is_default_password' in 'field list'
SQL: INSERT INTO users (username, password, is_default_password, email, first_name, last_name, role, phone, status, created_at) 
                VALUES (?, ?, 1, ?, ?, ?, ?, ?, 'active', NOW())
Params: ["kwesi","$2y$10$nUQl9YppefxTM7Te..n.AeDDCwsZkybZx.RUiamRrnGHwUgpDIfA.","kwesi.amoah@example.com","Kwesi","Amoah","member","0241234569"]
MySQL Error: Unknown column 'is_default_password' in 'field list'

[2025-11-19 01:08:49] Error: Unknown column 'is_default_password' in 'field list'
SQL: INSERT INTO users (username, password, is_default_password, email, first_name, last_name, role, phone, status, created_at) 
                VALUES (?, ?, 1, ?, ?, ?, ?, ?, 'active', NOW())
Params: ["ama","$2y$10$Q3p45eibT3w.TlplZR.s3.0WsW2Lb.lMYhSwKPlk8DEJPGUGZ8Fmu","ama.homeda@example.com","Ama","Homeda","student","0241234570"]
MySQL Error: Unknown column 'is_default_password' in 'field list'

[2025-11-19 01:09:13] Error: Unknown column 'is_default_password' in 'field list'
SQL: INSERT INTO users (username, password, is_default_password, email, first_name, last_name, role, phone, status, created_at) 
                VALUES (?, ?, 1, ?, ?, ?, ?, ?, 'active', NOW())
Params: ["kwame","$2y$10$seQKBZzophimfoBlYEzEi.Z8hhH7WTXUdc4IziHnKS4.v5VmAPPh2","kwame.owusu@example.com","Kwame","Owusu","member","0241234567"]
MySQL Error: Unknown column 'is_default_password' in 'field list'

[2025-11-19 01:09:14] Error: Unknown column 'is_default_password' in 'field list'
SQL: INSERT INTO users (username, password, is_default_password, email, first_name, last_name, role, phone, status, created_at) 
                VALUES (?, ?, 1, ?, ?, ?, ?, ?, 'active', NOW())
Params: ["kwaku","$2y$10$eEodH60QFmkyAdTp04ppBeYwJjTupryqmmOiAxtkjy7t1Y0Lf3JXm","kwaku.yeboah@example.com","Kwaku","Yeboah","student","0241234568"]
MySQL Error: Unknown column 'is_default_password' in 'field list'

[2025-11-19 01:09:14] Error: Unknown column 'is_default_password' in 'field list'
SQL: INSERT INTO users (username, password, is_default_password, email, first_name, last_name, role, phone, status, created_at) 
                VALUES (?, ?, 1, ?, ?, ?, ?, ?, 'active', NOW())
Params: ["kwesi","$2y$10$dT1uUXq43oXWBi8IvR74KOFK1GYgw657ENmdR4uWWuL5bd5NQYkYm","kwesi.amoah@example.com","Kwesi","Amoah","member","0241234569"]
MySQL Error: Unknown column 'is_default_password' in 'field list'

[2025-11-19 01:09:14] Error: Unknown column 'is_default_password' in 'field list'
SQL: INSERT INTO users (username, password, is_default_password, email, first_name, last_name, role, phone, status, created_at) 
                VALUES (?, ?, 1, ?, ?, ?, ?, ?, 'active', NOW())
Params: ["ama","$2y$10$OQak71U17rUJyUCp\/vao6OeGbQMr9RLxgJakBTiMMkMOlH63uWGIK","ama.homeda@example.com","Ama","Homeda","student","0241234570"]
MySQL Error: Unknown column 'is_default_password' in 'field list'

[2025-11-19 19:39:52] Error: You have an error in your SQL syntax; check the manual that corresponds to your MariaDB server version for the right syntax to use near 's Committee','Public Relations Committee','Organizing Committee','Judicial Co...' at line 1
SQL: SELECT * FROM committees WHERE name IN ('Finance Committee','Welfare Committee','President\''s Committee','Public Relations Committee','Organizing Committee','Judicial Committee','Audit Board','Editorial Committee','Electoral Commission','Vetting Committee','Constitutional Amendment Committee') ORDER BY updated_at DESC
MySQL Error: You have an error in your SQL syntax; check the manual that corresponds to your MariaDB server version for the right syntax to use near 's Committee','Public Relations Committee','Organizing Committee','Judicial Co...' at line 1

[2025-11-23 09:33:40] Error: Table 'src_management_system.user_guide_sections' doesn't exist
SQL: 
        SELECT * FROM user_guide_sections
        WHERE role_access IN ('all', 'member_admin', 'admin_only') AND is_active = 1
        ORDER BY sort_order ASC, title ASC
    
MySQL Error: Table 'src_management_system.user_guide_sections' doesn't exist

[2025-11-26 15:49:16] Error: You have an error in your SQL syntax; check the manual that corresponds to your MariaDB server version for the right syntax to use near 's Committee','Public Relations Committee','Organizing Committee','Judicial Co...' at line 1
SQL: SELECT * FROM committees WHERE name IN ('Finance Committee','Welfare Committee','President\''s Committee','Public Relations Committee','Organizing Committee','Judicial Committee','Audit Board','Editorial Committee','Electoral Commission','Vetting Committee','Constitutional Amendment Committee') ORDER BY updated_at DESC
MySQL Error: You have an error in your SQL syntax; check the manual that corresponds to your MariaDB server version for the right syntax to use near 's Committee','Public Relations Committee','Organizing Committee','Judicial Co...' at line 1

[2025-11-26 15:51:46] Error: Table 'src_management_system.user_guide_sections' doesn't exist
SQL: 
        SELECT * FROM user_guide_sections
        WHERE role_access = 'all' AND is_active = 1
        ORDER BY sort_order ASC, title ASC
    
MySQL Error: Table 'src_management_system.user_guide_sections' doesn't exist

[2025-12-02 23:26:43] Error: You have an error in your SQL syntax; check the manual that corresponds to your MariaDB server version for the right syntax to use near 's Committee','Public Relations Committee','Organizing Committee','Judicial Co...' at line 1
SQL: SELECT * FROM committees WHERE name IN ('Finance Committee','Welfare Committee','President\''s Committee','Public Relations Committee','Organizing Committee','Judicial Committee','Audit Board','Editorial Committee','Electoral Commission','Vetting Committee','Constitutional Amendment Committee') ORDER BY updated_at DESC
MySQL Error: You have an error in your SQL syntax; check the manual that corresponds to your MariaDB server version for the right syntax to use near 's Committee','Public Relations Committee','Organizing Committee','Judicial Co...' at line 1

[2025-12-02 23:27:31] Error: You have an error in your SQL syntax; check the manual that corresponds to your MariaDB server version for the right syntax to use near 's Committee','Public Relations Committee','Organizing Committee','Judicial Co...' at line 1
SQL: SELECT * FROM committees WHERE name IN ('Finance Committee','Welfare Committee','President\''s Committee','Public Relations Committee','Organizing Committee','Judicial Committee','Audit Board','Editorial Committee','Electoral Commission','Vetting Committee','Constitutional Amendment Committee') ORDER BY updated_at DESC
MySQL Error: You have an error in your SQL syntax; check the manual that corresponds to your MariaDB server version for the right syntax to use near 's Committee','Public Relations Committee','Organizing Committee','Judicial Co...' at line 1

[2025-12-03 00:44:43] Error: Table 'src_management_system.user_guide_sections' doesn't exist
SQL: 
        SELECT * FROM user_guide_sections
        WHERE role_access = 'all' AND is_active = 1
        ORDER BY sort_order ASC, title ASC
    
MySQL Error: Table 'src_management_system.user_guide_sections' doesn't exist

